Copyright 1986-2022 Xilinx, Inc. All Rights Reserved. Copyright 2022-2025 Advanced Micro Devices, Inc. All Rights Reserved.
---------------------------------------------------------------------------------------------------------------------------------------------
| Tool Version : Vivado v.2025.2 (lin64) Build 6299465 Fri Nov 14 12:34:56 MST 2025
| Date         : Fri May  1 12:01:09 2026
| Host         : desktop running 64-bit Ubuntu 24.04.3 LTS
| Command      : report_high_fanout_nets -file /home/john/poly_regression/synth/vivado/results_FP16ALT/high_fanout_nets.rpt -quiet
| Design       : mfp_nexys4_ddr
| Device       : xc7a100t
| Design State : Synthesized
---------------------------------------------------------------------------------------------------------------------------------------------

High Fan-out Nets Information

1. Summary
----------

+--------------------------------------------------------------------------------------------------------------------------------------------------------------+--------+-------------+
| Net Name                                                                                                                                                     | Fanout | Driver Type |
+--------------------------------------------------------------------------------------------------------------------------------------------------------------+--------+-------------+
| rst                                                                                                                                                          |    221 | LUT2        |
| poly_reg_inst/reverse_pass/coefficient_update/fma_inst/inside_pipeline.i_inside_pipe/gen_pipeline.pipeline_stages[1].effective_subtraction_q[1]_i_2_n_0      |    174 | LUT1        |
| poly_reg_inst/forward_pass/accumulate_coefficients/fma_inst/inside_pipeline.i_inside_pipe/gen_pipeline.pipeline_stages[1].effective_subtraction_q[1]_i_2_n_0 |    174 | LUT1        |
| poly_reg_inst/reverse_pass/error_accumulator/fma_inst/inside_pipeline.i_inside_pipe/gen_pipeline.pipeline_stages[1].effective_subtraction_q[1]_i_2_n_0       |    174 | LUT1        |
| poly_reg_inst/reverse_pass/coefficient_update/fma_inst/input_pipeline.i_input_pipe/op_o[0]                                                                   |    117 | FDCE        |
| poly_reg_inst/reverse_pass/coefficient_update/fma_inst/input_pipeline.i_input_pipe/op_o[1]                                                                   |    117 | FDCE        |
| poly_reg_inst/forward_pass/accumulate_coefficients/fma_inst/input_pipeline.i_input_pipe/op_o[0]                                                              |    117 | FDCE        |
| poly_reg_inst/forward_pass/accumulate_coefficients/fma_inst/input_pipeline.i_input_pipe/op_o[1]                                                              |    117 | FDCE        |
| poly_reg_inst/reverse_pass/error_accumulator/fma_inst/input_pipeline.i_input_pipe/op_o[0]                                                                    |    115 | FDCE        |
| poly_reg_inst/reverse_pass/error_accumulator/fma_inst/input_pipeline.i_input_pipe/op_o[1]                                                                    |    115 | FDCE        |
+--------------------------------------------------------------------------------------------------------------------------------------------------------------+--------+-------------+


