Copyright 1986-2022 Xilinx, Inc. All Rights Reserved. Copyright 2022-2025 Advanced Micro Devices, Inc. All Rights Reserved.
---------------------------------------------------------------------------------------------------------------------------------------------
| Tool Version : Vivado v.2025.2 (lin64) Build 6299465 Fri Nov 14 12:34:56 MST 2025
| Date         : Fri May  1 12:01:08 2026
| Host         : desktop running 64-bit Ubuntu 24.04.3 LTS
| Command      : report_timing_summary -file /home/john/poly_regression/synth/vivado/results_FP16ALT/timing_post_synth.rpt -quiet
| Design       : mfp_nexys4_ddr
| Device       : 7a100t-csg324
| Speed File   : -1  PRODUCTION 1.23 2018-06-13
| Design State : Synthesized
---------------------------------------------------------------------------------------------------------------------------------------------

Timing Summary Report

------------------------------------------------------------------------------------------------
| Timer Settings
| --------------
------------------------------------------------------------------------------------------------

  Enable Multi Corner Analysis               :  Yes
  Enable Pessimism Removal                   :  Yes
  Pessimism Removal Resolution               :  Nearest Common Node
  Enable Input Delay Default Clock           :  No
  Enable Preset / Clear Arcs                 :  No
  Disable Flight Delays                      :  No
  Ignore I/O Paths                           :  No
  Timing Early Launch at Borrowing Latches   :  No
  Borrow Time for Max Delay Exceptions       :  Yes
  Merge Timing Exceptions                    :  Yes
  Inter-SLR Compensation                     :  Conservative

  Corner  Analyze    Analyze    
  Name    Max Paths  Min Paths  
  ------  ---------  ---------  
  Slow    Yes        Yes        
  Fast    Yes        Yes        


------------------------------------------------------------------------------------------------
| Report Methodology
| ------------------
------------------------------------------------------------------------------------------------

No report available as report_methodology has not been run prior. Run report_methodology on the current design for the summary of methodology violations.



check_timing report

Table of Contents
-----------------
1. checking no_clock (0)
2. checking constant_clock (0)
3. checking pulse_width_clock (0)
4. checking unconstrained_internal_endpoints (0)
5. checking no_input_delay (0)
6. checking no_output_delay (0)
7. checking multiple_clock (0)
8. checking generated_clocks (0)
9. checking loops (0)
10. checking partial_input_delay (0)
11. checking partial_output_delay (0)
12. checking latch_loops (0)

1. checking no_clock (0)
------------------------
 There are 0 register/latch pins with no clock.


2. checking constant_clock (0)
------------------------------
 There are 0 register/latch pins with constant_clock.


3. checking pulse_width_clock (0)
---------------------------------
 There are 0 register/latch pins which need pulse_width check


4. checking unconstrained_internal_endpoints (0)
------------------------------------------------
 There are 0 pins that are not constrained for maximum delay.

 There are 0 pins that are not constrained for maximum delay due to constant clock.


5. checking no_input_delay (0)
------------------------------
 There are 0 input ports with no input delay specified.

 There are 0 input ports with no input delay but user has a false path constraint.


6. checking no_output_delay (0)
-------------------------------
 There are 0 ports with no output delay specified.

 There are 0 ports with no output delay but user has a false path constraint

 There are 0 ports with no output delay but with a timing clock defined on it or propagating through it


7. checking multiple_clock (0)
------------------------------
 There are 0 register/latch pins with multiple clocks.


8. checking generated_clocks (0)
--------------------------------
 There are 0 generated clocks that are not connected to a clock source.


9. checking loops (0)
---------------------
 There are 0 combinational loops in the design.


10. checking partial_input_delay (0)
------------------------------------
 There are 0 input ports with partial input delay specified.


11. checking partial_output_delay (0)
-------------------------------------
 There are 0 ports with partial output delay specified.


12. checking latch_loops (0)
----------------------------
 There are 0 combinational latch loops in the design through latch input



------------------------------------------------------------------------------------------------
| Design Timing Summary
| ---------------------
------------------------------------------------------------------------------------------------

    WNS(ns)      TNS(ns)  TNS Failing Endpoints  TNS Total Endpoints      WHS(ns)      THS(ns)  THS Failing Endpoints  THS Total Endpoints     WPWS(ns)     TPWS(ns)  TPWS Failing Endpoints  TPWS Total Endpoints  
    -------      -------  ---------------------  -------------------      -------      -------  ---------------------  -------------------     --------     --------  ----------------------  --------------------  
    -13.614    -4132.630                   1018                 2493        0.113        0.000                      0                 2493        0.006        0.000                       0                  1401  


Timing constraints are not met.


------------------------------------------------------------------------------------------------
| Clock Summary
| -------------
------------------------------------------------------------------------------------------------

Clock      Waveform(ns)         Period(ns)      Frequency(MHz)
-----      ------------         ----------      --------------
CLK100MHZ  {0.000 1.475}        2.950           338.983         
clk_virt   {0.000 10.000}       20.000          50.000          
jtag_tck   {0.000 50.000}       100.000         10.000          
tck        {0.000 10.000}       20.000          50.000          


------------------------------------------------------------------------------------------------
| Intra Clock Table
| -----------------
------------------------------------------------------------------------------------------------

Clock             WNS(ns)      TNS(ns)  TNS Failing Endpoints  TNS Total Endpoints      WHS(ns)      THS(ns)  THS Failing Endpoints  THS Total Endpoints     WPWS(ns)     TPWS(ns)  TPWS Failing Endpoints  TPWS Total Endpoints  
-----             -------      -------  ---------------------  -------------------      -------      -------  ---------------------  -------------------     --------     --------  ----------------------  --------------------  
CLK100MHZ         -13.614    -4132.630                   1018                 2493        0.113        0.000                      0                 2493        0.006        0.000                       0                  1401  


------------------------------------------------------------------------------------------------
| Inter Clock Table
| -----------------
------------------------------------------------------------------------------------------------

From Clock    To Clock          WNS(ns)      TNS(ns)  TNS Failing Endpoints  TNS Total Endpoints      WHS(ns)      THS(ns)  THS Failing Endpoints  THS Total Endpoints  
----------    --------          -------      -------  ---------------------  -------------------      -------      -------  ---------------------  -------------------  


------------------------------------------------------------------------------------------------
| Other Path Groups Table
| -----------------------
------------------------------------------------------------------------------------------------

Path Group    From Clock    To Clock          WNS(ns)      TNS(ns)  TNS Failing Endpoints  TNS Total Endpoints      WHS(ns)      THS(ns)  THS Failing Endpoints  THS Total Endpoints  
----------    ----------    --------          -------      -------  ---------------------  -------------------      -------      -------  ---------------------  -------------------  


------------------------------------------------------------------------------------------------
| Timing Details
| --------------
------------------------------------------------------------------------------------------------


---------------------------------------------------------------------------------------------------
From Clock:  CLK100MHZ
  To Clock:  CLK100MHZ

Setup :         1018  Failing Endpoints,  Worst Slack      -13.614ns,  Total Violation    -4132.630ns
Hold  :            0  Failing Endpoints,  Worst Slack        0.113ns,  Total Violation        0.000ns
PW    :            0  Failing Endpoints,  Worst Slack        0.006ns,  Total Violation        0.000ns
---------------------------------------------------------------------------------------------------


Max Delay Paths
--------------------------------------------------------------------------------------
Slack (VIOLATED) :        -13.614ns  (required time - arrival time)
  Source:                 poly_reg_inst/reverse_pass/error_accumulator/fma_inst/input_pipeline.i_input_pipe/gen_pipeline.pipeline_stages[0].operands_q_reg[0][0][6]/C
                            (rising edge-triggered cell FDCE clocked by CLK100MHZ  {rise@0.000ns fall@1.475ns period=2.950ns})
  Destination:            poly_reg_inst/reverse_pass/error_accumulator/fma_inst/inside_pipeline.i_inside_pipe/gen_pipeline.pipeline_stages[0].sum_q_reg[0][27]/D
                            (rising edge-triggered cell FDCE clocked by CLK100MHZ  {rise@0.000ns fall@1.475ns period=2.950ns})
  Path Group:             CLK100MHZ
  Path Type:              Setup (Max at Slow Process Corner)
  Requirement:            2.950ns  (CLK100MHZ rise@2.950ns - CLK100MHZ rise@0.000ns)
  Data Path Delay:        16.428ns  (logic 6.974ns (42.452%)  route 9.454ns (57.548%))
  Logic Levels:           28  (CARRY4=11 LUT1=1 LUT2=1 LUT3=2 LUT4=3 LUT5=3 LUT6=7)
  Clock Path Skew:        -0.145ns (DCD - SCD + CPR)
    Destination Clock Delay (DCD):    2.704ns = ( 5.654 - 2.950 ) 
    Source Clock Delay      (SCD):    2.965ns
    Clock Pessimism Removal (CPR):    0.116ns
  Clock Uncertainty:      0.035ns  ((TSJ^2 + TIJ^2)^1/2 + DJ) / 2 + PE
    Total System Jitter     (TSJ):    0.071ns
    Total Input Jitter      (TIJ):    0.000ns
    Discrete Jitter          (DJ):    0.000ns
    Phase Error              (PE):    0.000ns

    Location             Delay type                Incr(ns)  Path(ns)    Netlist Resource(s)
  -------------------------------------------------------------------    -------------------
                         (clock CLK100MHZ rise edge)
                                                      0.000     0.000 r  
    E3                                                0.000     0.000 r  CLK100MHZ (IN)
                         net (fo=0)                   0.000     0.000    CLK100MHZ
    E3                   IBUF (Prop_ibuf_I_O)         1.482     1.482 r  CLK100MHZ_IBUF_inst/O
                         net (fo=1, unplaced)         0.803     2.285    CLK100MHZ_IBUF
                         BUFG (Prop_bufg_I_O)         0.096     2.381 r  CLK100MHZ_IBUF_BUFG_inst/O
                         net (fo=1400, unplaced)      0.584     2.965    poly_reg_inst/reverse_pass/error_accumulator/fma_inst/input_pipeline.i_input_pipe/clk_i
                         FDCE                                         r  poly_reg_inst/reverse_pass/error_accumulator/fma_inst/input_pipeline.i_input_pipe/gen_pipeline.pipeline_stages[0].operands_q_reg[0][0][6]/C
  -------------------------------------------------------------------    -------------------
                         FDCE (Prop_fdce_C_Q)         0.478     3.443 r  poly_reg_inst/reverse_pass/error_accumulator/fma_inst/input_pipeline.i_input_pipe/gen_pipeline.pipeline_stages[0].operands_q_reg[0][0][6]/Q
                         net (fo=10, unplaced)        0.806     4.249    poly_reg_inst/reverse_pass/error_accumulator/fma_inst/i_class_inputs/operands_i[0][6]
                         LUT3 (Prop_lut3_I0_O)        0.295     4.544 r  poly_reg_inst/reverse_pass/error_accumulator/fma_inst/i_class_inputs/info_o[0][is_subnormal]_INST_0_i_2/O
                         net (fo=4, unplaced)         0.756     5.300    poly_reg_inst/reverse_pass/error_accumulator/fma_inst/i_class_inputs/info_o[0][is_subnormal]_INST_0_i_2_n_0
                         LUT6 (Prop_lut6_I3_O)        0.124     5.424 r  poly_reg_inst/reverse_pass/error_accumulator/fma_inst/i_class_inputs/info_o[0][is_subnormal]_INST_0/O
                         net (fo=3, unplaced)         0.467     5.891    poly_reg_inst/reverse_pass/error_accumulator/fma_inst/info_q[0][is_subnormal]
                         LUT4 (Prop_lut4_I1_O)        0.124     6.015 r  poly_reg_inst/reverse_pass/error_accumulator/fma_inst/inside_pipeline.i_inside_pipe_i_133/O
                         net (fo=2, unplaced)         0.460     6.475    poly_reg_inst/reverse_pass/error_accumulator/fma_inst/inside_pipeline.i_inside_pipe_i_133_n_0
                         LUT6 (Prop_lut6_I0_O)        0.124     6.599 r  poly_reg_inst/reverse_pass/error_accumulator/fma_inst/inside_pipeline.i_inside_pipe_i_137/O
                         net (fo=1, unplaced)         0.000     6.599    poly_reg_inst/reverse_pass/error_accumulator/fma_inst/inside_pipeline.i_inside_pipe_i_137_n_0
                         CARRY4 (Prop_carry4_S[1]_O[2])
                                                      0.578     7.177 f  poly_reg_inst/reverse_pass/error_accumulator/fma_inst/inside_pipeline.i_inside_pipe_i_66/O[2]
                         net (fo=5, unplaced)         0.480     7.657    poly_reg_inst/reverse_pass/error_accumulator/fma_inst/exponent_product0[2]
                         LUT6 (Prop_lut6_I5_O)        0.301     7.958 r  poly_reg_inst/reverse_pass/error_accumulator/fma_inst/inside_pipeline.i_inside_pipe_i_78/O
                         net (fo=1, unplaced)         0.473     8.431    poly_reg_inst/reverse_pass/error_accumulator/fma_inst/inside_pipeline.i_inside_pipe_i_78_n_0
                         CARRY4 (Prop_carry4_DI[3]_CO[3])
                                                      0.396     8.827 r  poly_reg_inst/reverse_pass/error_accumulator/fma_inst/inside_pipeline.i_inside_pipe_i_15/CO[3]
                         net (fo=1, unplaced)         0.000     8.827    poly_reg_inst/reverse_pass/error_accumulator/fma_inst/inside_pipeline.i_inside_pipe_i_15_n_0
                         CARRY4 (Prop_carry4_CI_O[1])
                                                      0.337     9.164 f  poly_reg_inst/reverse_pass/error_accumulator/fma_inst/inside_pipeline.i_inside_pipe_i_14/O[1]
                         net (fo=4, unplaced)         0.741     9.905    poly_reg_inst/reverse_pass/error_accumulator/fma_inst/exponent_difference[5]
                         LUT5 (Prop_lut5_I1_O)        0.306    10.211 r  poly_reg_inst/reverse_pass/error_accumulator/fma_inst/inside_pipeline.i_inside_pipe_i_140/O
                         net (fo=1, unplaced)         0.449    10.660    poly_reg_inst/reverse_pass/error_accumulator/fma_inst/inside_pipeline.i_inside_pipe_i_140_n_0
                         LUT6 (Prop_lut6_I5_O)        0.124    10.784 f  poly_reg_inst/reverse_pass/error_accumulator/fma_inst/inside_pipeline.i_inside_pipe_i_96/O
                         net (fo=14, unplaced)        0.500    11.284    poly_reg_inst/reverse_pass/error_accumulator/fma_inst/inside_pipeline.i_inside_pipe_i_96_n_0
                         LUT3 (Prop_lut3_I2_O)        0.124    11.408 r  poly_reg_inst/reverse_pass/error_accumulator/fma_inst/inside_pipeline.i_inside_pipe_i_30/O
                         net (fo=21, unplaced)        0.510    11.918    poly_reg_inst/reverse_pass/error_accumulator/fma_inst/addend_shamt[0]
                         LUT5 (Prop_lut5_I1_O)        0.124    12.042 f  poly_reg_inst/reverse_pass/error_accumulator/fma_inst/inside_pipeline.i_inside_pipe_i_219/O
                         net (fo=1, unplaced)         0.449    12.491    poly_reg_inst/reverse_pass/error_accumulator/fma_inst/inside_pipeline.i_inside_pipe_i_219_n_0
                         LUT6 (Prop_lut6_I5_O)        0.124    12.615 f  poly_reg_inst/reverse_pass/error_accumulator/fma_inst/inside_pipeline.i_inside_pipe_i_147/O
                         net (fo=3, unplaced)         0.467    13.082    poly_reg_inst/reverse_pass/error_accumulator/fma_inst/inside_pipeline.i_inside_pipe_i_147_n_0
                         LUT5 (Prop_lut5_I3_O)        0.124    13.206 f  poly_reg_inst/reverse_pass/error_accumulator/fma_inst/inside_pipeline.i_inside_pipe_i_152/O
                         net (fo=4, unplaced)         0.756    13.962    poly_reg_inst/reverse_pass/error_accumulator/fma_inst/inside_pipeline.i_inside_pipe_i_152_n_0
                         LUT6 (Prop_lut6_I2_O)        0.124    14.086 f  poly_reg_inst/reverse_pass/error_accumulator/fma_inst/inside_pipeline.i_inside_pipe_i_101/O
                         net (fo=1, unplaced)         0.449    14.535    poly_reg_inst/reverse_pass/error_accumulator/fma_inst/inside_pipeline.i_inside_pipe_i_101_n_0
                         LUT6 (Prop_lut6_I5_O)        0.124    14.659 f  poly_reg_inst/reverse_pass/error_accumulator/fma_inst/inside_pipeline.i_inside_pipe_i_31/O
                         net (fo=2, unplaced)         0.460    15.119    poly_reg_inst/reverse_pass/error_accumulator/fma_inst/sticky_before_add
                         LUT2 (Prop_lut2_I1_O)        0.124    15.243 r  poly_reg_inst/reverse_pass/error_accumulator/fma_inst/inside_pipeline.i_inside_pipe_i_207/O
                         net (fo=2, unplaced)         0.460    15.703    poly_reg_inst/reverse_pass/error_accumulator/fma_inst/inject_carry_in
                         LUT4 (Prop_lut4_I0_O)        0.124    15.827 r  poly_reg_inst/reverse_pass/error_accumulator/fma_inst/inside_pipeline.i_inside_pipe_i_211/O
                         net (fo=1, unplaced)         0.000    15.827    poly_reg_inst/reverse_pass/error_accumulator/fma_inst/inside_pipeline.i_inside_pipe_i_211_n_0
                         CARRY4 (Prop_carry4_S[0]_CO[3])
                                                      0.513    16.340 r  poly_reg_inst/reverse_pass/error_accumulator/fma_inst/inside_pipeline.i_inside_pipe_i_114/CO[3]
                         net (fo=1, unplaced)         0.000    16.340    poly_reg_inst/reverse_pass/error_accumulator/fma_inst/inside_pipeline.i_inside_pipe_i_114_n_0
                         CARRY4 (Prop_carry4_CI_CO[3])
                                                      0.117    16.457 r  poly_reg_inst/reverse_pass/error_accumulator/fma_inst/inside_pipeline.i_inside_pipe_i_112/CO[3]
                         net (fo=1, unplaced)         0.000    16.457    poly_reg_inst/reverse_pass/error_accumulator/fma_inst/inside_pipeline.i_inside_pipe_i_112_n_0
                         CARRY4 (Prop_carry4_CI_CO[3])
                                                      0.117    16.574 r  poly_reg_inst/reverse_pass/error_accumulator/fma_inst/inside_pipeline.i_inside_pipe_i_110/CO[3]
                         net (fo=1, unplaced)         0.000    16.574    poly_reg_inst/reverse_pass/error_accumulator/fma_inst/inside_pipeline.i_inside_pipe_i_110_n_0
                         CARRY4 (Prop_carry4_CI_CO[3])
                                                      0.117    16.691 r  poly_reg_inst/reverse_pass/error_accumulator/fma_inst/inside_pipeline.i_inside_pipe_i_108/CO[3]
                         net (fo=1, unplaced)         0.000    16.691    poly_reg_inst/reverse_pass/error_accumulator/fma_inst/inside_pipeline.i_inside_pipe_i_108_n_0
                         CARRY4 (Prop_carry4_CI_CO[3])
                                                      0.117    16.808 r  poly_reg_inst/reverse_pass/error_accumulator/fma_inst/inside_pipeline.i_inside_pipe_i_106/CO[3]
                         net (fo=1, unplaced)         0.000    16.808    poly_reg_inst/reverse_pass/error_accumulator/fma_inst/inside_pipeline.i_inside_pipe_i_106_n_0
                         CARRY4 (Prop_carry4_CI_O[1])
                                                      0.337    17.145 f  poly_reg_inst/reverse_pass/error_accumulator/fma_inst/inside_pipeline.i_inside_pipe_i_104/O[1]
                         net (fo=2, unplaced)         0.323    17.468    poly_reg_inst/reverse_pass/error_accumulator/fma_inst/inside_pipeline.i_inside_pipe_i_104_n_6
                         LUT1 (Prop_lut1_I0_O)        0.306    17.774 r  poly_reg_inst/reverse_pass/error_accumulator/fma_inst/inside_pipeline.i_inside_pipe_i_169/O
                         net (fo=1, unplaced)         0.000    17.774    poly_reg_inst/reverse_pass/error_accumulator/fma_inst/inside_pipeline.i_inside_pipe_i_169_n_0
                         CARRY4 (Prop_carry4_S[1]_CO[3])
                                                      0.533    18.307 r  poly_reg_inst/reverse_pass/error_accumulator/fma_inst/inside_pipeline.i_inside_pipe_i_105/CO[3]
                         net (fo=1, unplaced)         0.000    18.307    poly_reg_inst/reverse_pass/error_accumulator/fma_inst/inside_pipeline.i_inside_pipe_i_105_n_0
                         CARRY4 (Prop_carry4_CI_O[3])
                                                      0.331    18.638 r  poly_reg_inst/reverse_pass/error_accumulator/fma_inst/inside_pipeline.i_inside_pipe_i_103/O[3]
                         net (fo=1, unplaced)         0.448    19.086    poly_reg_inst/reverse_pass/error_accumulator/fma_inst/sum_d0[27]
                         LUT4 (Prop_lut4_I3_O)        0.307    19.393 r  poly_reg_inst/reverse_pass/error_accumulator/fma_inst/inside_pipeline.i_inside_pipe_i_32/O
                         net (fo=1, unplaced)         0.000    19.393    poly_reg_inst/reverse_pass/error_accumulator/fma_inst/inside_pipeline.i_inside_pipe/sum_i[27]
                         FDCE                                         r  poly_reg_inst/reverse_pass/error_accumulator/fma_inst/inside_pipeline.i_inside_pipe/gen_pipeline.pipeline_stages[0].sum_q_reg[0][27]/D
  -------------------------------------------------------------------    -------------------

                         (clock CLK100MHZ rise edge)
                                                      2.950     2.950 r  
    E3                                                0.000     2.950 r  CLK100MHZ (IN)
                         net (fo=0)                   0.000     2.950    CLK100MHZ
    E3                   IBUF (Prop_ibuf_I_O)         1.411     4.361 r  CLK100MHZ_IBUF_inst/O
                         net (fo=1, unplaced)         0.763     5.124    CLK100MHZ_IBUF
                         BUFG (Prop_bufg_I_O)         0.091     5.215 r  CLK100MHZ_IBUF_BUFG_inst/O
                         net (fo=1400, unplaced)      0.439     5.654    poly_reg_inst/reverse_pass/error_accumulator/fma_inst/inside_pipeline.i_inside_pipe/clk_i
                         FDCE                                         r  poly_reg_inst/reverse_pass/error_accumulator/fma_inst/inside_pipeline.i_inside_pipe/gen_pipeline.pipeline_stages[0].sum_q_reg[0][27]/C
                         clock pessimism              0.116     5.770    
                         clock uncertainty           -0.035     5.734    
                         FDCE (Setup_fdce_C_D)        0.044     5.778    poly_reg_inst/reverse_pass/error_accumulator/fma_inst/inside_pipeline.i_inside_pipe/gen_pipeline.pipeline_stages[0].sum_q_reg[0][27]
  -------------------------------------------------------------------
                         required time                          5.778    
                         arrival time                         -19.393    
  -------------------------------------------------------------------
                         slack                                -13.614    





Min Delay Paths
--------------------------------------------------------------------------------------
Slack (MET) :             0.113ns  (arrival time - required time)
  Source:                 poly_reg_inst/controller/cur_data_addr_reg[6]/C
                            (rising edge-triggered cell FDRE clocked by CLK100MHZ  {rise@0.000ns fall@1.475ns period=2.950ns})
  Destination:            poly_reg_inst/forward_pass/addr_delay/gen_dly[24].regs_reg[24][6]_srl24_gen_dly_c_43/D
                            (rising edge-triggered cell SRLC32E clocked by CLK100MHZ  {rise@0.000ns fall@1.475ns period=2.950ns})
  Path Group:             CLK100MHZ
  Path Type:              Hold (Min at Fast Process Corner)
  Requirement:            0.000ns  (CLK100MHZ rise@0.000ns - CLK100MHZ rise@0.000ns)
  Data Path Delay:        0.322ns  (logic 0.147ns (45.602%)  route 0.175ns (54.398%))
  Logic Levels:           0  
  Clock Path Skew:        0.145ns (DCD - SCD - CPR)
    Destination Clock Delay (DCD):    1.082ns
    Source Clock Delay      (SCD):    0.728ns
    Clock Pessimism Removal (CPR):    0.209ns

    Location             Delay type                Incr(ns)  Path(ns)    Netlist Resource(s)
  -------------------------------------------------------------------    -------------------
                         (clock CLK100MHZ rise edge)
                                                      0.000     0.000 r  
    E3                                                0.000     0.000 r  CLK100MHZ (IN)
                         net (fo=0)                   0.000     0.000    CLK100MHZ
    E3                   IBUF (Prop_ibuf_I_O)         0.250     0.250 r  CLK100MHZ_IBUF_inst/O
                         net (fo=1, unplaced)         0.338     0.588    CLK100MHZ_IBUF
                         BUFG (Prop_bufg_I_O)         0.026     0.614 r  CLK100MHZ_IBUF_BUFG_inst/O
                         net (fo=1400, unplaced)      0.114     0.728    poly_reg_inst/controller/clk
                         FDRE                                         r  poly_reg_inst/controller/cur_data_addr_reg[6]/C
  -------------------------------------------------------------------    -------------------
                         FDRE (Prop_fdre_C_Q)         0.147     0.875 r  poly_reg_inst/controller/cur_data_addr_reg[6]/Q
                         net (fo=6, unplaced)         0.175     1.050    poly_reg_inst/forward_pass/addr_delay/in[6]
                         SRLC32E                                      r  poly_reg_inst/forward_pass/addr_delay/gen_dly[24].regs_reg[24][6]_srl24_gen_dly_c_43/D
  -------------------------------------------------------------------    -------------------

                         (clock CLK100MHZ rise edge)
                                                      0.000     0.000 r  
    E3                                                0.000     0.000 r  CLK100MHZ (IN)
                         net (fo=0)                   0.000     0.000    CLK100MHZ
    E3                   IBUF (Prop_ibuf_I_O)         0.438     0.438 r  CLK100MHZ_IBUF_inst/O
                         net (fo=1, unplaced)         0.356     0.794    CLK100MHZ_IBUF
                         BUFG (Prop_bufg_I_O)         0.029     0.823 r  CLK100MHZ_IBUF_BUFG_inst/O
                         net (fo=1400, unplaced)      0.259     1.082    poly_reg_inst/forward_pass/addr_delay/clk
                         SRLC32E                                      r  poly_reg_inst/forward_pass/addr_delay/gen_dly[24].regs_reg[24][6]_srl24_gen_dly_c_43/CLK
                         clock pessimism             -0.209     0.873    
                         SRLC32E (Hold_srlc32e_CLK_D)
                                                      0.064     0.937    poly_reg_inst/forward_pass/addr_delay/gen_dly[24].regs_reg[24][6]_srl24_gen_dly_c_43
  -------------------------------------------------------------------
                         required time                         -0.937    
                         arrival time                           1.050    
  -------------------------------------------------------------------
                         slack                                  0.113    





Pulse Width Checks
--------------------------------------------------------------------------------------
Clock Name:         CLK100MHZ
Waveform(ns):       { 0.000 1.475 }
Period(ns):         2.950
Sources:            { CLK100MHZ }

Check Type        Corner  Lib Pin             Reference Pin  Required(ns)  Actual(ns)  Slack(ns)  Location  Pin
Min Period        n/a     RAMB18E1/CLKARDCLK  n/a            2.944         2.950       0.006                poly_reg_inst/coef_mem/gen_l_ram.ram_reg/CLKARDCLK
Low Pulse Width   Slow    SRLC32E/CLK         n/a            0.980         1.475       0.495                poly_reg_inst/forward_pass/addr_delay/gen_dly[24].regs_reg[24][0]_srl24_gen_dly_c_43/CLK
High Pulse Width  Slow    SRLC32E/CLK         n/a            0.980         1.475       0.495                poly_reg_inst/forward_pass/addr_delay/gen_dly[24].regs_reg[24][0]_srl24_gen_dly_c_43/CLK



