Copyright 1986-2022 Xilinx, Inc. All Rights Reserved. Copyright 2022-2025 Advanced Micro Devices, Inc. All Rights Reserved.
---------------------------------------------------------------------------------------------------------------------------------------------
| Tool Version : Vivado v.2025.2 (lin64) Build 6299465 Fri Nov 14 12:34:56 MST 2025
| Date         : Sun Apr 26 18:27:40 2026
| Host         : desktop running 64-bit Ubuntu 24.04.3 LTS
| Command      : report_high_fanout_nets -file /home/john/poly_regression/synth/vivado/results_FP64/high_fanout_nets.rpt -quiet
| Design       : mfp_nexys4_ddr
| Device       : xc7a100t
| Design State : Synthesized
---------------------------------------------------------------------------------------------------------------------------------------------

High Fan-out Nets Information

1. Summary
----------

+------------------------------------------------------------------------------------------------------------------------------------------------------+--------+-------------+
| Net Name                                                                                                                                             | Fanout | Driver Type |
+------------------------------------------------------------------------------------------------------------------------------------------------------+--------+-------------+
| rst                                                                                                                                                  |    550 | LUT2        |
| poly_reg_inst/forward_pass/accumulate_coefficients/fma_inst/input_pipeline.i_input_pipe/gen_pipeline.pipeline_stages[1].operands_q[1][2][63]_i_1_n_0 |    388 | LUT1        |
| poly_reg_inst/reverse_pass/error_accumulator/fma_inst/input_pipeline.i_input_pipe/gen_pipeline.pipeline_stages[1].operands_q[1][2][63]_i_1_n_0       |    388 | LUT1        |
| poly_reg_inst/forward_pass/error_calc/fma_inst/input_pipeline.i_input_pipe/gen_pipeline.pipeline_stages[1].operands_q[1][2][63]_i_1_n_0              |    260 | LUT1        |
| poly_reg_inst/reverse_pass/coefficient_update/fma_inst/input_pipeline.i_input_pipe/gen_pipeline.pipeline_stages[1].operands_q[1][2][63]_i_1_n_0      |    260 | LUT1        |
| poly_reg_inst/forward_pass/exponentiator/power/fma_inst/input_pipeline.i_input_pipe/gen_pipeline.pipeline_stages[1].operands_q[1][1][63]_i_1_n_0     |    259 | LUT1        |
| poly_reg_inst/reverse_pass/exponentiator/power/fma_inst/input_pipeline.i_input_pipe/gen_pipeline.pipeline_stages[1].operands_q[1][1][63]_i_1_n_0     |    259 | LUT1        |
| poly_reg_inst/forward_pass/exponentiator/power/fma_inst/i_fpnew_rounding_i_627_n_0                                                                   |    246 | LUT6        |
| poly_reg_inst/reverse_pass/exponentiator/power/fma_inst/i_fpnew_rounding_i_627_n_0                                                                   |    246 | LUT6        |
| poly_reg_inst/forward_pass/error_calc/fma_inst/i_lzc_i_114_n_1                                                                                       |    244 | CARRY4      |
+------------------------------------------------------------------------------------------------------------------------------------------------------+--------+-------------+


