Copyright 1986-2022 Xilinx, Inc. All Rights Reserved. Copyright 2022-2025 Advanced Micro Devices, Inc. All Rights Reserved.
---------------------------------------------------------------------------------------------------------------------------------------------
| Tool Version : Vivado v.2025.2 (lin64) Build 6299465 Fri Nov 14 12:34:56 MST 2025
| Date         : Sun Apr 26 18:27:40 2026
| Host         : desktop running 64-bit Ubuntu 24.04.3 LTS
| Command      : report_timing_summary -file /home/john/poly_regression/synth/vivado/results_FP64/timing_post_synth.rpt -quiet
| Design       : mfp_nexys4_ddr
| Device       : 7a100t-csg324
| Speed File   : -1  PRODUCTION 1.23 2018-06-13
| Design State : Synthesized
---------------------------------------------------------------------------------------------------------------------------------------------

Timing Summary Report

------------------------------------------------------------------------------------------------
| Timer Settings
| --------------
------------------------------------------------------------------------------------------------

  Enable Multi Corner Analysis               :  Yes
  Enable Pessimism Removal                   :  Yes
  Pessimism Removal Resolution               :  Nearest Common Node
  Enable Input Delay Default Clock           :  No
  Enable Preset / Clear Arcs                 :  No
  Disable Flight Delays                      :  No
  Ignore I/O Paths                           :  No
  Timing Early Launch at Borrowing Latches   :  No
  Borrow Time for Max Delay Exceptions       :  Yes
  Merge Timing Exceptions                    :  Yes
  Inter-SLR Compensation                     :  Conservative

  Corner  Analyze    Analyze    
  Name    Max Paths  Min Paths  
  ------  ---------  ---------  
  Slow    Yes        Yes        
  Fast    Yes        Yes        


------------------------------------------------------------------------------------------------
| Report Methodology
| ------------------
------------------------------------------------------------------------------------------------

No report available as report_methodology has not been run prior. Run report_methodology on the current design for the summary of methodology violations.



check_timing report

Table of Contents
-----------------
1. checking no_clock (0)
2. checking constant_clock (0)
3. checking pulse_width_clock (0)
4. checking unconstrained_internal_endpoints (0)
5. checking no_input_delay (0)
6. checking no_output_delay (0)
7. checking multiple_clock (0)
8. checking generated_clocks (0)
9. checking loops (0)
10. checking partial_input_delay (0)
11. checking partial_output_delay (0)
12. checking latch_loops (0)

1. checking no_clock (0)
------------------------
 There are 0 register/latch pins with no clock.


2. checking constant_clock (0)
------------------------------
 There are 0 register/latch pins with constant_clock.


3. checking pulse_width_clock (0)
---------------------------------
 There are 0 register/latch pins which need pulse_width check


4. checking unconstrained_internal_endpoints (0)
------------------------------------------------
 There are 0 pins that are not constrained for maximum delay.

 There are 0 pins that are not constrained for maximum delay due to constant clock.


5. checking no_input_delay (0)
------------------------------
 There are 0 input ports with no input delay specified.

 There are 0 input ports with no input delay but user has a false path constraint.


6. checking no_output_delay (0)
-------------------------------
 There are 0 ports with no output delay specified.

 There are 0 ports with no output delay but user has a false path constraint

 There are 0 ports with no output delay but with a timing clock defined on it or propagating through it


7. checking multiple_clock (0)
------------------------------
 There are 0 register/latch pins with multiple clocks.


8. checking generated_clocks (0)
--------------------------------
 There are 0 generated clocks that are not connected to a clock source.


9. checking loops (0)
---------------------
 There are 0 combinational loops in the design.


10. checking partial_input_delay (0)
------------------------------------
 There are 0 input ports with partial input delay specified.


11. checking partial_output_delay (0)
-------------------------------------
 There are 0 ports with partial output delay specified.


12. checking latch_loops (0)
----------------------------
 There are 0 combinational latch loops in the design through latch input



------------------------------------------------------------------------------------------------
| Design Timing Summary
| ---------------------
------------------------------------------------------------------------------------------------

    WNS(ns)      TNS(ns)  TNS Failing Endpoints  TNS Total Endpoints      WHS(ns)      THS(ns)  THS Failing Endpoints  THS Total Endpoints     WPWS(ns)     TPWS(ns)  TPWS Failing Endpoints  TPWS Total Endpoints  
    -------      -------  ---------------------  -------------------      -------      -------  ---------------------  -------------------     --------     --------  ----------------------  --------------------  
    -39.259   -24488.863                   1655                 5343        0.092        0.000                      0                 5343       -0.344       -1.376                       4                  2908  


Timing constraints are not met.


------------------------------------------------------------------------------------------------
| Clock Summary
| -------------
------------------------------------------------------------------------------------------------

Clock      Waveform(ns)         Period(ns)      Frequency(MHz)
-----      ------------         ----------      --------------
CLK100MHZ  {0.000 1.300}        2.600           384.615         
clk_virt   {0.000 10.000}       20.000          50.000          
jtag_tck   {0.000 50.000}       100.000         10.000          
tck        {0.000 10.000}       20.000          50.000          


------------------------------------------------------------------------------------------------
| Intra Clock Table
| -----------------
------------------------------------------------------------------------------------------------

Clock             WNS(ns)      TNS(ns)  TNS Failing Endpoints  TNS Total Endpoints      WHS(ns)      THS(ns)  THS Failing Endpoints  THS Total Endpoints     WPWS(ns)     TPWS(ns)  TPWS Failing Endpoints  TPWS Total Endpoints  
-----             -------      -------  ---------------------  -------------------      -------      -------  ---------------------  -------------------     --------     --------  ----------------------  --------------------  
CLK100MHZ         -39.259   -24488.863                   1655                 5343        0.092        0.000                      0                 5343       -0.344       -1.376                       4                  2908  


------------------------------------------------------------------------------------------------
| Inter Clock Table
| -----------------
------------------------------------------------------------------------------------------------

From Clock    To Clock          WNS(ns)      TNS(ns)  TNS Failing Endpoints  TNS Total Endpoints      WHS(ns)      THS(ns)  THS Failing Endpoints  THS Total Endpoints  
----------    --------          -------      -------  ---------------------  -------------------      -------      -------  ---------------------  -------------------  


------------------------------------------------------------------------------------------------
| Other Path Groups Table
| -----------------------
------------------------------------------------------------------------------------------------

Path Group    From Clock    To Clock          WNS(ns)      TNS(ns)  TNS Failing Endpoints  TNS Total Endpoints      WHS(ns)      THS(ns)  THS Failing Endpoints  THS Total Endpoints  
----------    ----------    --------          -------      -------  ---------------------  -------------------      -------      -------  ---------------------  -------------------  


------------------------------------------------------------------------------------------------
| Timing Details
| --------------
------------------------------------------------------------------------------------------------


---------------------------------------------------------------------------------------------------
From Clock:  CLK100MHZ
  To Clock:  CLK100MHZ

Setup :         1655  Failing Endpoints,  Worst Slack      -39.259ns,  Total Violation   -24488.863ns
Hold  :            0  Failing Endpoints,  Worst Slack        0.092ns,  Total Violation        0.000ns
PW    :            4  Failing Endpoints,  Worst Slack       -0.344ns,  Total Violation       -1.376ns
---------------------------------------------------------------------------------------------------


Max Delay Paths
--------------------------------------------------------------------------------------
Slack (VIOLATED) :        -39.259ns  (required time - arrival time)
  Source:                 poly_reg_inst/reverse_pass/coefficient_update/fma_inst/input_pipeline.i_input_pipe/gen_pipeline.pipeline_stages[1].operands_q_reg[1][1][40]/C
                            (rising edge-triggered cell FDCE clocked by CLK100MHZ  {rise@0.000ns fall@1.300ns period=2.600ns})
  Destination:            poly_reg_inst/coef_mem/gen_l_ram.ram_reg/DIBDI[30]
                            (rising edge-triggered cell RAMB36E1 clocked by CLK100MHZ  {rise@0.000ns fall@1.300ns period=2.600ns})
  Path Group:             CLK100MHZ
  Path Type:              Setup (Max at Slow Process Corner)
  Requirement:            2.600ns  (CLK100MHZ rise@2.600ns - CLK100MHZ rise@0.000ns)
  Data Path Delay:        41.438ns  (logic 17.097ns (41.259%)  route 24.341ns (58.741%))
  Logic Levels:           89  (CARRY4=49 LUT1=1 LUT2=3 LUT3=7 LUT4=2 LUT5=4 LUT6=22 MUXF7=1)
  Clock Path Skew:        -0.145ns (DCD - SCD + CPR)
    Destination Clock Delay (DCD):    2.704ns = ( 5.304 - 2.600 ) 
    Source Clock Delay      (SCD):    2.965ns
    Clock Pessimism Removal (CPR):    0.116ns
  Clock Uncertainty:      0.035ns  ((TSJ^2 + TIJ^2)^1/2 + DJ) / 2 + PE
    Total System Jitter     (TSJ):    0.071ns
    Total Input Jitter      (TIJ):    0.000ns
    Discrete Jitter          (DJ):    0.000ns
    Phase Error              (PE):    0.000ns

    Location             Delay type                Incr(ns)  Path(ns)    Netlist Resource(s)
  -------------------------------------------------------------------    -------------------
                         (clock CLK100MHZ rise edge)
                                                      0.000     0.000 r  
    E3                                                0.000     0.000 r  CLK100MHZ (IN)
                         net (fo=0)                   0.000     0.000    CLK100MHZ
    E3                   IBUF (Prop_ibuf_I_O)         1.482     1.482 r  CLK100MHZ_IBUF_inst/O
                         net (fo=1, unplaced)         0.803     2.285    CLK100MHZ_IBUF
                         BUFG (Prop_bufg_I_O)         0.096     2.381 r  CLK100MHZ_IBUF_BUFG_inst/O
                         net (fo=2907, unplaced)      0.584     2.965    poly_reg_inst/reverse_pass/coefficient_update/fma_inst/input_pipeline.i_input_pipe/clk_i
                         FDCE                                         r  poly_reg_inst/reverse_pass/coefficient_update/fma_inst/input_pipeline.i_input_pipe/gen_pipeline.pipeline_stages[1].operands_q_reg[1][1][40]/C
  -------------------------------------------------------------------    -------------------
                         FDCE (Prop_fdce_C_Q)         0.478     3.443 r  poly_reg_inst/reverse_pass/coefficient_update/fma_inst/input_pipeline.i_input_pipe/gen_pipeline.pipeline_stages[1].operands_q_reg[1][1][40]/Q
                         net (fo=4, unplaced)         0.787     4.230    poly_reg_inst/reverse_pass/coefficient_update/fma_inst/i_class_inputs/operands_i[1][40]
                         LUT4 (Prop_lut4_I1_O)        0.295     4.525 r  poly_reg_inst/reverse_pass/coefficient_update/fma_inst/i_class_inputs/info_o[1][is_subnormal]_INST_0_i_7/O
                         net (fo=1, unplaced)         0.449     4.974    poly_reg_inst/reverse_pass/coefficient_update/fma_inst/i_class_inputs/info_o[1][is_subnormal]_INST_0_i_7_n_0
                         LUT6 (Prop_lut6_I5_O)        0.124     5.098 r  poly_reg_inst/reverse_pass/coefficient_update/fma_inst/i_class_inputs/info_o[1][is_subnormal]_INST_0_i_1/O
                         net (fo=4, unplaced)         0.965     6.063    poly_reg_inst/reverse_pass/coefficient_update/fma_inst/i_class_inputs/info_o[1][is_subnormal]_INST_0_i_1_n_0
                         LUT6 (Prop_lut6_I0_O)        0.124     6.187 r  poly_reg_inst/reverse_pass/coefficient_update/fma_inst/i_class_inputs/info_o[1][is_subnormal]_INST_0/O
                         net (fo=2, unplaced)         0.460     6.647    poly_reg_inst/reverse_pass/coefficient_update/fma_inst/info_q[1][is_subnormal]
                         LUT3 (Prop_lut3_I2_O)        0.124     6.771 r  poly_reg_inst/reverse_pass/coefficient_update/fma_inst/i_fpnew_rounding_i_1127/O
                         net (fo=1, unplaced)         0.000     6.771    poly_reg_inst/reverse_pass/coefficient_update/fma_inst/i_fpnew_rounding_i_1127_n_0
                         CARRY4 (Prop_carry4_S[0]_CO[3])
                                                      0.513     7.284 r  poly_reg_inst/reverse_pass/coefficient_update/fma_inst/i_fpnew_rounding_i_802/CO[3]
                         net (fo=1, unplaced)         0.000     7.284    poly_reg_inst/reverse_pass/coefficient_update/fma_inst/i_fpnew_rounding_i_802_n_0
                         CARRY4 (Prop_carry4_CI_O[1])
                                                      0.337     7.621 r  poly_reg_inst/reverse_pass/coefficient_update/fma_inst/i_fpnew_rounding_i_686/O[1]
                         net (fo=10, unplaced)        0.355     7.976    poly_reg_inst/reverse_pass/coefficient_update/fma_inst/exponent_product0[5]
                         LUT3 (Prop_lut3_I2_O)        0.306     8.282 r  poly_reg_inst/reverse_pass/coefficient_update/fma_inst/i_lzc_i_806/O
                         net (fo=1, unplaced)         0.000     8.282    poly_reg_inst/reverse_pass/coefficient_update/fma_inst/i_lzc_i_806_n_0
                         CARRY4 (Prop_carry4_S[1]_CO[3])
                                                      0.533     8.815 r  poly_reg_inst/reverse_pass/coefficient_update/fma_inst/i_lzc_i_701/CO[3]
                         net (fo=1, unplaced)         0.000     8.815    poly_reg_inst/reverse_pass/coefficient_update/fma_inst/i_lzc_i_701_n_0
                         CARRY4 (Prop_carry4_CI_O[3])
                                                      0.331     9.146 f  poly_reg_inst/reverse_pass/coefficient_update/fma_inst/i_lzc_i_883/O[3]
                         net (fo=5, unplaced)         0.858    10.004    poly_reg_inst/reverse_pass/coefficient_update/fma_inst/i_lzc_i_883_n_4
                         LUT6 (Prop_lut6_I0_O)        0.307    10.311 f  poly_reg_inst/reverse_pass/coefficient_update/fma_inst/i_lzc_i_803/O
                         net (fo=8, unplaced)         0.770    11.081    poly_reg_inst/reverse_pass/coefficient_update/fma_inst/i_lzc_i_803_n_0
                         LUT6 (Prop_lut6_I1_O)        0.124    11.205 r  poly_reg_inst/reverse_pass/coefficient_update/fma_inst/i_lzc_i_798/O
                         net (fo=69, unplaced)        0.509    11.714    poly_reg_inst/reverse_pass/coefficient_update/fma_inst/i_lzc_i_798_n_0
                         LUT6 (Prop_lut6_I2_O)        0.124    11.838 r  poly_reg_inst/reverse_pass/coefficient_update/fma_inst/i_lzc_i_848/O
                         net (fo=4, unplaced)         0.756    12.594    poly_reg_inst/reverse_pass/coefficient_update/fma_inst/i_lzc_i_848_n_0
                         LUT6 (Prop_lut6_I1_O)        0.124    12.718 r  poly_reg_inst/reverse_pass/coefficient_update/fma_inst/i_lzc_i_730/O
                         net (fo=4, unplaced)         0.756    13.474    poly_reg_inst/reverse_pass/coefficient_update/fma_inst/i_lzc_i_730_n_0
                         LUT5 (Prop_lut5_I0_O)        0.124    13.598 f  poly_reg_inst/reverse_pass/coefficient_update/fma_inst/i_lzc_i_670/O
                         net (fo=2, unplaced)         0.460    14.058    poly_reg_inst/reverse_pass/coefficient_update/fma_inst/i_lzc_i_670_n_0
                         LUT3 (Prop_lut3_I2_O)        0.124    14.182 f  poly_reg_inst/reverse_pass/coefficient_update/fma_inst/i_lzc_i_510/O
                         net (fo=3, unplaced)         0.750    14.932    poly_reg_inst/reverse_pass/coefficient_update/fma_inst/i_lzc_i_510_n_0
                         LUT6 (Prop_lut6_I3_O)        0.124    15.056 f  poly_reg_inst/reverse_pass/coefficient_update/fma_inst/i_fpnew_rounding_i_742/O
                         net (fo=1, unplaced)         0.732    15.788    poly_reg_inst/reverse_pass/coefficient_update/fma_inst/i_fpnew_rounding_i_742_n_0
                         LUT6 (Prop_lut6_I3_O)        0.124    15.912 r  poly_reg_inst/reverse_pass/coefficient_update/fma_inst/i_fpnew_rounding_i_369/O
                         net (fo=1, unplaced)         0.419    16.331    poly_reg_inst/reverse_pass/coefficient_update/fma_inst/i_fpnew_rounding_i_369_n_0
                         LUT5 (Prop_lut5_I0_O)        0.124    16.455 f  poly_reg_inst/reverse_pass/coefficient_update/fma_inst/i_fpnew_rounding_i_145/O
                         net (fo=2, unplaced)         0.460    16.915    poly_reg_inst/reverse_pass/coefficient_update/fma_inst/i_fpnew_rounding_i_145_n_0
                         LUT2 (Prop_lut2_I1_O)        0.124    17.039 r  poly_reg_inst/reverse_pass/coefficient_update/fma_inst/i_lzc_i_176/O
                         net (fo=2, unplaced)         0.460    17.499    poly_reg_inst/reverse_pass/coefficient_update/fma_inst/inject_carry_in
                         LUT6 (Prop_lut6_I0_O)        0.124    17.623 r  poly_reg_inst/reverse_pass/coefficient_update/fma_inst/i_lzc_i_180/O
                         net (fo=1, unplaced)         0.000    17.623    poly_reg_inst/reverse_pass/coefficient_update/fma_inst/i_lzc_i_180_n_0
                         CARRY4 (Prop_carry4_S[0]_CO[3])
                                                      0.513    18.136 r  poly_reg_inst/reverse_pass/coefficient_update/fma_inst/i_lzc_i_109/CO[3]
                         net (fo=1, unplaced)         0.000    18.136    poly_reg_inst/reverse_pass/coefficient_update/fma_inst/i_lzc_i_109_n_0
                         CARRY4 (Prop_carry4_CI_CO[3])
                                                      0.117    18.253 r  poly_reg_inst/reverse_pass/coefficient_update/fma_inst/i_lzc_i_174/CO[3]
                         net (fo=1, unplaced)         0.000    18.253    poly_reg_inst/reverse_pass/coefficient_update/fma_inst/i_lzc_i_174_n_0
                         CARRY4 (Prop_carry4_CI_CO[3])
                                                      0.117    18.370 r  poly_reg_inst/reverse_pass/coefficient_update/fma_inst/i_lzc_i_172/CO[3]
                         net (fo=1, unplaced)         0.000    18.370    poly_reg_inst/reverse_pass/coefficient_update/fma_inst/i_lzc_i_172_n_0
                         CARRY4 (Prop_carry4_CI_CO[3])
                                                      0.117    18.487 r  poly_reg_inst/reverse_pass/coefficient_update/fma_inst/i_lzc_i_170/CO[3]
                         net (fo=1, unplaced)         0.000    18.487    poly_reg_inst/reverse_pass/coefficient_update/fma_inst/i_lzc_i_170_n_0
                         CARRY4 (Prop_carry4_CI_CO[3])
                                                      0.117    18.604 r  poly_reg_inst/reverse_pass/coefficient_update/fma_inst/i_lzc_i_168/CO[3]
                         net (fo=1, unplaced)         0.000    18.604    poly_reg_inst/reverse_pass/coefficient_update/fma_inst/i_lzc_i_168_n_0
                         CARRY4 (Prop_carry4_CI_CO[3])
                                                      0.117    18.721 r  poly_reg_inst/reverse_pass/coefficient_update/fma_inst/i_lzc_i_166/CO[3]
                         net (fo=1, unplaced)         0.000    18.721    poly_reg_inst/reverse_pass/coefficient_update/fma_inst/i_lzc_i_166_n_0
                         CARRY4 (Prop_carry4_CI_CO[3])
                                                      0.117    18.838 r  poly_reg_inst/reverse_pass/coefficient_update/fma_inst/i_lzc_i_164/CO[3]
                         net (fo=1, unplaced)         0.000    18.838    poly_reg_inst/reverse_pass/coefficient_update/fma_inst/i_lzc_i_164_n_0
                         CARRY4 (Prop_carry4_CI_CO[3])
                                                      0.117    18.955 r  poly_reg_inst/reverse_pass/coefficient_update/fma_inst/i_lzc_i_162/CO[3]
                         net (fo=1, unplaced)         0.000    18.955    poly_reg_inst/reverse_pass/coefficient_update/fma_inst/i_lzc_i_162_n_0
                         CARRY4 (Prop_carry4_CI_CO[3])
                                                      0.117    19.072 r  poly_reg_inst/reverse_pass/coefficient_update/fma_inst/i_lzc_i_160/CO[3]
                         net (fo=1, unplaced)         0.000    19.072    poly_reg_inst/reverse_pass/coefficient_update/fma_inst/i_lzc_i_160_n_0
                         CARRY4 (Prop_carry4_CI_CO[3])
                                                      0.117    19.189 r  poly_reg_inst/reverse_pass/coefficient_update/fma_inst/i_lzc_i_158/CO[3]
                         net (fo=1, unplaced)         0.000    19.189    poly_reg_inst/reverse_pass/coefficient_update/fma_inst/i_lzc_i_158_n_0
                         CARRY4 (Prop_carry4_CI_CO[3])
                                                      0.117    19.306 r  poly_reg_inst/reverse_pass/coefficient_update/fma_inst/i_lzc_i_156/CO[3]
                         net (fo=1, unplaced)         0.000    19.306    poly_reg_inst/reverse_pass/coefficient_update/fma_inst/i_lzc_i_156_n_0
                         CARRY4 (Prop_carry4_CI_CO[3])
                                                      0.117    19.423 r  poly_reg_inst/reverse_pass/coefficient_update/fma_inst/i_lzc_i_154/CO[3]
                         net (fo=1, unplaced)         0.000    19.423    poly_reg_inst/reverse_pass/coefficient_update/fma_inst/i_lzc_i_154_n_0
                         CARRY4 (Prop_carry4_CI_CO[3])
                                                      0.117    19.540 r  poly_reg_inst/reverse_pass/coefficient_update/fma_inst/i_lzc_i_152/CO[3]
                         net (fo=1, unplaced)         0.000    19.540    poly_reg_inst/reverse_pass/coefficient_update/fma_inst/i_lzc_i_152_n_0
                         CARRY4 (Prop_carry4_CI_CO[3])
                                                      0.117    19.657 r  poly_reg_inst/reverse_pass/coefficient_update/fma_inst/i_lzc_i_150/CO[3]
                         net (fo=1, unplaced)         0.000    19.657    poly_reg_inst/reverse_pass/coefficient_update/fma_inst/i_lzc_i_150_n_0
                         CARRY4 (Prop_carry4_CI_CO[3])
                                                      0.117    19.774 r  poly_reg_inst/reverse_pass/coefficient_update/fma_inst/i_lzc_i_148/CO[3]
                         net (fo=1, unplaced)         0.000    19.774    poly_reg_inst/reverse_pass/coefficient_update/fma_inst/i_lzc_i_148_n_0
                         CARRY4 (Prop_carry4_CI_CO[3])
                                                      0.117    19.891 r  poly_reg_inst/reverse_pass/coefficient_update/fma_inst/i_lzc_i_146/CO[3]
                         net (fo=1, unplaced)         0.000    19.891    poly_reg_inst/reverse_pass/coefficient_update/fma_inst/i_lzc_i_146_n_0
                         CARRY4 (Prop_carry4_CI_CO[3])
                                                      0.117    20.008 r  poly_reg_inst/reverse_pass/coefficient_update/fma_inst/i_lzc_i_144/CO[3]
                         net (fo=1, unplaced)         0.000    20.008    poly_reg_inst/reverse_pass/coefficient_update/fma_inst/i_lzc_i_144_n_0
                         CARRY4 (Prop_carry4_CI_CO[3])
                                                      0.117    20.125 r  poly_reg_inst/reverse_pass/coefficient_update/fma_inst/i_lzc_i_142/CO[3]
                         net (fo=1, unplaced)         0.000    20.125    poly_reg_inst/reverse_pass/coefficient_update/fma_inst/i_lzc_i_142_n_0
                         CARRY4 (Prop_carry4_CI_CO[3])
                                                      0.117    20.242 r  poly_reg_inst/reverse_pass/coefficient_update/fma_inst/i_lzc_i_140/CO[3]
                         net (fo=1, unplaced)         0.000    20.242    poly_reg_inst/reverse_pass/coefficient_update/fma_inst/i_lzc_i_140_n_0
                         CARRY4 (Prop_carry4_CI_CO[3])
                                                      0.117    20.359 r  poly_reg_inst/reverse_pass/coefficient_update/fma_inst/i_lzc_i_138/CO[3]
                         net (fo=1, unplaced)         0.000    20.359    poly_reg_inst/reverse_pass/coefficient_update/fma_inst/i_lzc_i_138_n_0
                         CARRY4 (Prop_carry4_CI_CO[2])
                                                      0.252    20.611 r  poly_reg_inst/reverse_pass/coefficient_update/fma_inst/i_lzc_i_114/CO[2]
                         net (fo=244, unplaced)       0.574    21.185    poly_reg_inst/reverse_pass/coefficient_update/fma_inst/i_lzc_i_114_n_1
                         LUT3 (Prop_lut3_I1_O)        0.310    21.495 r  poly_reg_inst/reverse_pass/coefficient_update/fma_inst/i_lzc_i_273/O
                         net (fo=1, unplaced)         0.000    21.495    poly_reg_inst/reverse_pass/coefficient_update/fma_inst/i_lzc_i_273_n_0
                         CARRY4 (Prop_carry4_S[1]_CO[3])
                                                      0.533    22.028 r  poly_reg_inst/reverse_pass/coefficient_update/fma_inst/i_lzc_i_133/CO[3]
                         net (fo=1, unplaced)         0.000    22.028    poly_reg_inst/reverse_pass/coefficient_update/fma_inst/i_lzc_i_133_n_0
                         CARRY4 (Prop_carry4_CI_O[1])
                                                      0.337    22.365 r  poly_reg_inst/reverse_pass/coefficient_update/fma_inst/i_lzc_i_130/O[1]
                         net (fo=1, unplaced)         0.611    22.976    poly_reg_inst/reverse_pass/coefficient_update/fma_inst/i_lzc_i_130_n_6
                         LUT6 (Prop_lut6_I0_O)        0.306    23.282 r  poly_reg_inst/reverse_pass/coefficient_update/fma_inst/i_lzc_i_23/O
                         net (fo=8, unplaced)         0.770    24.052    poly_reg_inst/reverse_pass/coefficient_update/fma_inst/i_lzc/in_i[86]
                         LUT3 (Prop_lut3_I0_O)        0.124    24.176 f  poly_reg_inst/reverse_pass/coefficient_update/fma_inst/i_lzc/cnt_o[0]_INST_0_i_28/O
                         net (fo=1, unplaced)         0.941    25.117    poly_reg_inst/reverse_pass/coefficient_update/fma_inst/i_lzc/cnt_o[0]_INST_0_i_28_n_0
                         LUT5 (Prop_lut5_I0_O)        0.124    25.241 r  poly_reg_inst/reverse_pass/coefficient_update/fma_inst/i_lzc/cnt_o[0]_INST_0_i_14/O
                         net (fo=1, unplaced)         0.964    26.205    poly_reg_inst/reverse_pass/coefficient_update/fma_inst/i_lzc/cnt_o[0]_INST_0_i_14_n_0
                         LUT6 (Prop_lut6_I5_O)        0.124    26.329 f  poly_reg_inst/reverse_pass/coefficient_update/fma_inst/i_lzc/cnt_o[0]_INST_0_i_3/O
                         net (fo=1, unplaced)         0.419    26.748    poly_reg_inst/reverse_pass/coefficient_update/fma_inst/i_lzc/cnt_o[0]_INST_0_i_3_n_0
                         LUT6 (Prop_lut6_I2_O)        0.124    26.872 f  poly_reg_inst/reverse_pass/coefficient_update/fma_inst/i_lzc/cnt_o[0]_INST_0/O
                         net (fo=11, unplaced)        0.495    27.367    poly_reg_inst/reverse_pass/coefficient_update/fma_inst/leading_zero_count[0]
                         LUT1 (Prop_lut1_I0_O)        0.116    27.483 r  poly_reg_inst/reverse_pass/coefficient_update/fma_inst/i_fpnew_rounding_i_432/O
                         net (fo=1, unplaced)         0.000    27.483    poly_reg_inst/reverse_pass/coefficient_update/fma_inst/i_fpnew_rounding_i_432_n_0
                         CARRY4 (Prop_carry4_DI[0]_CO[3])
                                                      0.576    28.059 r  poly_reg_inst/reverse_pass/coefficient_update/fma_inst/i_fpnew_rounding_i_170/CO[3]
                         net (fo=1, unplaced)         0.000    28.059    poly_reg_inst/reverse_pass/coefficient_update/fma_inst/i_fpnew_rounding_i_170_n_0
                         CARRY4 (Prop_carry4_CI_CO[3])
                                                      0.117    28.176 r  poly_reg_inst/reverse_pass/coefficient_update/fma_inst/i_fpnew_rounding_i_1102/CO[3]
                         net (fo=1, unplaced)         0.000    28.176    poly_reg_inst/reverse_pass/coefficient_update/fma_inst/i_fpnew_rounding_i_1102_n_0
                         CARRY4 (Prop_carry4_CI_CO[3])
                                                      0.117    28.293 r  poly_reg_inst/reverse_pass/coefficient_update/fma_inst/i_fpnew_rounding_i_774/CO[3]
                         net (fo=1, unplaced)         0.000    28.293    poly_reg_inst/reverse_pass/coefficient_update/fma_inst/i_fpnew_rounding_i_774_n_0
                         CARRY4 (Prop_carry4_CI_CO[0])
                                                      0.281    28.574 r  poly_reg_inst/reverse_pass/coefficient_update/fma_inst/i_fpnew_rounding_i_391/CO[0]
                         net (fo=52, unplaced)        0.394    28.968    poly_reg_inst/reverse_pass/coefficient_update/fma_inst/i_fpnew_rounding_i_391_n_3
                         LUT5 (Prop_lut5_I1_O)        0.367    29.335 r  poly_reg_inst/reverse_pass/coefficient_update/fma_inst/i_fpnew_rounding_i_978/O
                         net (fo=1, unplaced)         0.000    29.335    poly_reg_inst/reverse_pass/coefficient_update/fma_inst/i_fpnew_rounding_i_978_n_0
                         MUXF7 (Prop_muxf7_I0_O)      0.241    29.576 r  poly_reg_inst/reverse_pass/coefficient_update/fma_inst/i_fpnew_rounding_i_638/O
                         net (fo=196, unplaced)       0.568    30.144    poly_reg_inst/reverse_pass/coefficient_update/fma_inst/i_fpnew_rounding_i_638_n_0
                         LUT6 (Prop_lut6_I2_O)        0.298    30.442 r  poly_reg_inst/reverse_pass/coefficient_update/fma_inst/i_fpnew_rounding_i_934/O
                         net (fo=4, unplaced)         0.965    31.407    poly_reg_inst/reverse_pass/coefficient_update/fma_inst/i_fpnew_rounding_i_934_n_0
                         LUT6 (Prop_lut6_I0_O)        0.124    31.531 r  poly_reg_inst/reverse_pass/coefficient_update/fma_inst/i_fpnew_rounding_i_518/O
                         net (fo=6, unplaced)         0.764    32.295    poly_reg_inst/reverse_pass/coefficient_update/fma_inst/i_fpnew_rounding_i_518_n_0
                         LUT6 (Prop_lut6_I1_O)        0.124    32.419 r  poly_reg_inst/reverse_pass/coefficient_update/fma_inst/i_fpnew_rounding_i_462/O
                         net (fo=3, unplaced)         0.467    32.886    poly_reg_inst/reverse_pass/coefficient_update/fma_inst/i_fpnew_rounding_i_462_n_0
                         LUT3 (Prop_lut3_I2_O)        0.124    33.010 r  poly_reg_inst/reverse_pass/coefficient_update/fma_inst/i_fpnew_rounding_i_184/O
                         net (fo=5, unplaced)         0.760    33.770    poly_reg_inst/reverse_pass/coefficient_update/fma_inst/i_fpnew_rounding_i_184_n_0
                         LUT6 (Prop_lut6_I1_O)        0.124    33.894 r  poly_reg_inst/reverse_pass/coefficient_update/fma_inst/i_fpnew_rounding_i_86/O
                         net (fo=66, unplaced)        0.538    34.432    poly_reg_inst/reverse_pass/coefficient_update/fma_inst/i_fpnew_rounding_i_86_n_0
                         LUT2 (Prop_lut2_I1_O)        0.124    34.556 f  poly_reg_inst/reverse_pass/coefficient_update/fma_inst/i_fpnew_rounding_i_140/O
                         net (fo=2, unplaced)         0.460    35.016    poly_reg_inst/reverse_pass/coefficient_update/fma_inst/i_fpnew_rounding_i_140_n_0
                         LUT6 (Prop_lut6_I5_O)        0.124    35.140 f  poly_reg_inst/reverse_pass/coefficient_update/fma_inst/i_fpnew_rounding_i_79/O
                         net (fo=2, unplaced)         0.460    35.600    poly_reg_inst/reverse_pass/coefficient_update/fma_inst/i_fpnew_rounding_i_79_n_0
                         LUT2 (Prop_lut2_I1_O)        0.124    35.724 r  poly_reg_inst/reverse_pass/coefficient_update/fma_inst/i_fpnew_rounding_i_378/O
                         net (fo=1, unplaced)         0.333    36.057    poly_reg_inst/reverse_pass/coefficient_update/fma_inst/i_fpnew_rounding_i_378_n_0
                         CARRY4 (Prop_carry4_CYINIT_CO[3])
                                                      0.595    36.652 r  poly_reg_inst/reverse_pass/coefficient_update/fma_inst/i_fpnew_rounding_i_147/CO[3]
                         net (fo=1, unplaced)         0.000    36.652    poly_reg_inst/reverse_pass/coefficient_update/fma_inst/i_fpnew_rounding_i_147_n_0
                         CARRY4 (Prop_carry4_CI_CO[1])
                                                      0.179    36.831 r  poly_reg_inst/reverse_pass/coefficient_update/fma_inst/i_fpnew_rounding_i_68/CO[1]
                         net (fo=65, unplaced)        0.401    37.232    poly_reg_inst/reverse_pass/coefficient_update/fma_inst/of_before_round
                         LUT4 (Prop_lut4_I2_O)        0.332    37.564 r  poly_reg_inst/reverse_pass/coefficient_update/fma_inst/i_fpnew_rounding_i_1100/O
                         net (fo=1, unplaced)         0.449    38.013    poly_reg_inst/reverse_pass/coefficient_update/fma_inst/i_fpnew_rounding_i_1100_n_0
                         LUT6 (Prop_lut6_I5_O)        0.124    38.137 r  poly_reg_inst/reverse_pass/coefficient_update/fma_inst/i_fpnew_rounding_i_763/O
                         net (fo=1, unplaced)         0.449    38.586    poly_reg_inst/reverse_pass/coefficient_update/fma_inst/i_fpnew_rounding_i_763_n_0
                         LUT6 (Prop_lut6_I2_O)        0.124    38.710 r  poly_reg_inst/reverse_pass/coefficient_update/fma_inst/i_fpnew_rounding_i_376/O
                         net (fo=1, unplaced)         0.449    39.159    poly_reg_inst/reverse_pass/coefficient_update/fma_inst/i_fpnew_rounding_i_376_n_0
                         LUT6 (Prop_lut6_I4_O)        0.124    39.283 r  poly_reg_inst/reverse_pass/coefficient_update/fma_inst/i_fpnew_rounding_i_146/O
                         net (fo=1, unplaced)         0.449    39.732    poly_reg_inst/reverse_pass/coefficient_update/fma_inst/i_fpnew_rounding_i_146_n_0
                         LUT6 (Prop_lut6_I5_O)        0.124    39.856 r  poly_reg_inst/reverse_pass/coefficient_update/fma_inst/i_fpnew_rounding_i_66/O
                         net (fo=2, unplaced)         0.460    40.316    poly_reg_inst/reverse_pass/coefficient_update/fma_inst/i_fpnew_rounding/round_sticky_bits_i[0]
                         LUT3 (Prop_lut3_I1_O)        0.124    40.440 r  poly_reg_inst/reverse_pass/coefficient_update/fma_inst/i_fpnew_rounding/abs_rounded_o[0]_INST_0_i_1/O
                         net (fo=1, unplaced)         0.000    40.440    poly_reg_inst/reverse_pass/coefficient_update/fma_inst/i_fpnew_rounding/abs_rounded_o[0]_INST_0_i_1_n_0
                         CARRY4 (Prop_carry4_S[0]_CO[3])
                                                      0.513    40.953 r  poly_reg_inst/reverse_pass/coefficient_update/fma_inst/i_fpnew_rounding/abs_rounded_o[0]_INST_0/CO[3]
                         net (fo=1, unplaced)         0.000    40.953    poly_reg_inst/reverse_pass/coefficient_update/fma_inst/i_fpnew_rounding/abs_rounded_o[0]_INST_0_n_0
                         CARRY4 (Prop_carry4_CI_CO[3])
                                                      0.117    41.070 r  poly_reg_inst/reverse_pass/coefficient_update/fma_inst/i_fpnew_rounding/abs_rounded_o[4]_INST_0/CO[3]
                         net (fo=1, unplaced)         0.000    41.070    poly_reg_inst/reverse_pass/coefficient_update/fma_inst/i_fpnew_rounding/abs_rounded_o[4]_INST_0_n_0
                         CARRY4 (Prop_carry4_CI_CO[3])
                                                      0.117    41.187 r  poly_reg_inst/reverse_pass/coefficient_update/fma_inst/i_fpnew_rounding/abs_rounded_o[8]_INST_0/CO[3]
                         net (fo=1, unplaced)         0.000    41.187    poly_reg_inst/reverse_pass/coefficient_update/fma_inst/i_fpnew_rounding/abs_rounded_o[8]_INST_0_n_0
                         CARRY4 (Prop_carry4_CI_CO[3])
                                                      0.117    41.304 r  poly_reg_inst/reverse_pass/coefficient_update/fma_inst/i_fpnew_rounding/abs_rounded_o[12]_INST_0/CO[3]
                         net (fo=1, unplaced)         0.000    41.304    poly_reg_inst/reverse_pass/coefficient_update/fma_inst/i_fpnew_rounding/abs_rounded_o[12]_INST_0_n_0
                         CARRY4 (Prop_carry4_CI_CO[3])
                                                      0.117    41.421 r  poly_reg_inst/reverse_pass/coefficient_update/fma_inst/i_fpnew_rounding/abs_rounded_o[16]_INST_0/CO[3]
                         net (fo=1, unplaced)         0.000    41.421    poly_reg_inst/reverse_pass/coefficient_update/fma_inst/i_fpnew_rounding/abs_rounded_o[16]_INST_0_n_0
                         CARRY4 (Prop_carry4_CI_CO[3])
                                                      0.117    41.538 r  poly_reg_inst/reverse_pass/coefficient_update/fma_inst/i_fpnew_rounding/abs_rounded_o[20]_INST_0/CO[3]
                         net (fo=1, unplaced)         0.000    41.538    poly_reg_inst/reverse_pass/coefficient_update/fma_inst/i_fpnew_rounding/abs_rounded_o[20]_INST_0_n_0
                         CARRY4 (Prop_carry4_CI_CO[3])
                                                      0.117    41.655 r  poly_reg_inst/reverse_pass/coefficient_update/fma_inst/i_fpnew_rounding/abs_rounded_o[24]_INST_0/CO[3]
                         net (fo=1, unplaced)         0.000    41.655    poly_reg_inst/reverse_pass/coefficient_update/fma_inst/i_fpnew_rounding/abs_rounded_o[24]_INST_0_n_0
                         CARRY4 (Prop_carry4_CI_CO[3])
                                                      0.117    41.772 r  poly_reg_inst/reverse_pass/coefficient_update/fma_inst/i_fpnew_rounding/abs_rounded_o[28]_INST_0/CO[3]
                         net (fo=1, unplaced)         0.000    41.772    poly_reg_inst/reverse_pass/coefficient_update/fma_inst/i_fpnew_rounding/abs_rounded_o[28]_INST_0_n_0
                         CARRY4 (Prop_carry4_CI_CO[3])
                                                      0.117    41.889 r  poly_reg_inst/reverse_pass/coefficient_update/fma_inst/i_fpnew_rounding/abs_rounded_o[32]_INST_0/CO[3]
                         net (fo=1, unplaced)         0.000    41.889    poly_reg_inst/reverse_pass/coefficient_update/fma_inst/i_fpnew_rounding/abs_rounded_o[32]_INST_0_n_0
                         CARRY4 (Prop_carry4_CI_CO[3])
                                                      0.117    42.006 r  poly_reg_inst/reverse_pass/coefficient_update/fma_inst/i_fpnew_rounding/abs_rounded_o[36]_INST_0/CO[3]
                         net (fo=1, unplaced)         0.000    42.006    poly_reg_inst/reverse_pass/coefficient_update/fma_inst/i_fpnew_rounding/abs_rounded_o[36]_INST_0_n_0
                         CARRY4 (Prop_carry4_CI_CO[3])
                                                      0.117    42.123 r  poly_reg_inst/reverse_pass/coefficient_update/fma_inst/i_fpnew_rounding/abs_rounded_o[40]_INST_0/CO[3]
                         net (fo=1, unplaced)         0.000    42.123    poly_reg_inst/reverse_pass/coefficient_update/fma_inst/i_fpnew_rounding/abs_rounded_o[40]_INST_0_n_0
                         CARRY4 (Prop_carry4_CI_CO[3])
                                                      0.117    42.240 r  poly_reg_inst/reverse_pass/coefficient_update/fma_inst/i_fpnew_rounding/abs_rounded_o[44]_INST_0/CO[3]
                         net (fo=1, unplaced)         0.000    42.240    poly_reg_inst/reverse_pass/coefficient_update/fma_inst/i_fpnew_rounding/abs_rounded_o[44]_INST_0_n_0
                         CARRY4 (Prop_carry4_CI_CO[3])
                                                      0.117    42.357 r  poly_reg_inst/reverse_pass/coefficient_update/fma_inst/i_fpnew_rounding/abs_rounded_o[48]_INST_0/CO[3]
                         net (fo=1, unplaced)         0.000    42.357    poly_reg_inst/reverse_pass/coefficient_update/fma_inst/i_fpnew_rounding/abs_rounded_o[48]_INST_0_n_0
                         CARRY4 (Prop_carry4_CI_CO[3])
                                                      0.117    42.474 r  poly_reg_inst/reverse_pass/coefficient_update/fma_inst/i_fpnew_rounding/abs_rounded_o[52]_INST_0/CO[3]
                         net (fo=1, unplaced)         0.000    42.474    poly_reg_inst/reverse_pass/coefficient_update/fma_inst/i_fpnew_rounding/abs_rounded_o[52]_INST_0_n_0
                         CARRY4 (Prop_carry4_CI_CO[3])
                                                      0.117    42.591 r  poly_reg_inst/reverse_pass/coefficient_update/fma_inst/i_fpnew_rounding/abs_rounded_o[56]_INST_0/CO[3]
                         net (fo=1, unplaced)         0.000    42.591    poly_reg_inst/reverse_pass/coefficient_update/fma_inst/i_fpnew_rounding/abs_rounded_o[56]_INST_0_n_0
                         CARRY4 (Prop_carry4_CI_O[2])
                                                      0.256    42.847 r  poly_reg_inst/reverse_pass/coefficient_update/fma_inst/i_fpnew_rounding/abs_rounded_o[60]_INST_0/O[2]
                         net (fo=1, unplaced)         0.452    43.299    poly_reg_inst/reverse_pass/coefficient_update/fma_inst/rounded_abs[62]
                         LUT6 (Prop_lut6_I0_O)        0.301    43.600 r  poly_reg_inst/reverse_pass/coefficient_update/fma_inst/result_o[62]_INST_0/O
                         net (fo=2, unplaced)         0.803    44.403    poly_reg_inst/coef_mem/wr_data[62]
                         RAMB36E1                                     r  poly_reg_inst/coef_mem/gen_l_ram.ram_reg/DIBDI[30]
  -------------------------------------------------------------------    -------------------

                         (clock CLK100MHZ rise edge)
                                                      2.600     2.600 r  
    E3                                                0.000     2.600 r  CLK100MHZ (IN)
                         net (fo=0)                   0.000     2.600    CLK100MHZ
    E3                   IBUF (Prop_ibuf_I_O)         1.411     4.011 r  CLK100MHZ_IBUF_inst/O
                         net (fo=1, unplaced)         0.763     4.774    CLK100MHZ_IBUF
                         BUFG (Prop_bufg_I_O)         0.091     4.865 r  CLK100MHZ_IBUF_BUFG_inst/O
                         net (fo=2907, unplaced)      0.439     5.304    poly_reg_inst/coef_mem/clk
                         RAMB36E1                                     r  poly_reg_inst/coef_mem/gen_l_ram.ram_reg/CLKBWRCLK
                         clock pessimism              0.116     5.420    
                         clock uncertainty           -0.035     5.384    
                         RAMB36E1 (Setup_ramb36e1_CLKBWRCLK_DIBDI[30])
                                                     -0.241     5.143    poly_reg_inst/coef_mem/gen_l_ram.ram_reg
  -------------------------------------------------------------------
                         required time                          5.143    
                         arrival time                         -44.403    
  -------------------------------------------------------------------
                         slack                                -39.259    





Min Delay Paths
--------------------------------------------------------------------------------------
Slack (MET) :             0.092ns  (arrival time - required time)
  Source:                 poly_reg_inst/controller/cur_data_addr_reg[6]/C
                            (rising edge-triggered cell FDRE clocked by CLK100MHZ  {rise@0.000ns fall@1.300ns period=2.600ns})
  Destination:            poly_reg_inst/forward_pass/addr_delay/gen_dly[16].regs_reg[16][6]_srl16_gen_dly_c_29/D
                            (rising edge-triggered cell SRL16E clocked by CLK100MHZ  {rise@0.000ns fall@1.300ns period=2.600ns})
  Path Group:             CLK100MHZ
  Path Type:              Hold (Min at Fast Process Corner)
  Requirement:            0.000ns  (CLK100MHZ rise@0.000ns - CLK100MHZ rise@0.000ns)
  Data Path Delay:        0.301ns  (logic 0.147ns (48.792%)  route 0.154ns (51.208%))
  Logic Levels:           0  
  Clock Path Skew:        0.145ns (DCD - SCD - CPR)
    Destination Clock Delay (DCD):    1.082ns
    Source Clock Delay      (SCD):    0.728ns
    Clock Pessimism Removal (CPR):    0.209ns

    Location             Delay type                Incr(ns)  Path(ns)    Netlist Resource(s)
  -------------------------------------------------------------------    -------------------
                         (clock CLK100MHZ rise edge)
                                                      0.000     0.000 r  
    E3                                                0.000     0.000 r  CLK100MHZ (IN)
                         net (fo=0)                   0.000     0.000    CLK100MHZ
    E3                   IBUF (Prop_ibuf_I_O)         0.250     0.250 r  CLK100MHZ_IBUF_inst/O
                         net (fo=1, unplaced)         0.338     0.588    CLK100MHZ_IBUF
                         BUFG (Prop_bufg_I_O)         0.026     0.614 r  CLK100MHZ_IBUF_BUFG_inst/O
                         net (fo=2907, unplaced)      0.114     0.728    poly_reg_inst/controller/clk
                         FDRE                                         r  poly_reg_inst/controller/cur_data_addr_reg[6]/C
  -------------------------------------------------------------------    -------------------
                         FDRE (Prop_fdre_C_Q)         0.147     0.875 r  poly_reg_inst/controller/cur_data_addr_reg[6]/Q
                         net (fo=6, unplaced)         0.154     1.029    poly_reg_inst/forward_pass/addr_delay/in[6]
                         SRL16E                                       r  poly_reg_inst/forward_pass/addr_delay/gen_dly[16].regs_reg[16][6]_srl16_gen_dly_c_29/D
  -------------------------------------------------------------------    -------------------

                         (clock CLK100MHZ rise edge)
                                                      0.000     0.000 r  
    E3                                                0.000     0.000 r  CLK100MHZ (IN)
                         net (fo=0)                   0.000     0.000    CLK100MHZ
    E3                   IBUF (Prop_ibuf_I_O)         0.438     0.438 r  CLK100MHZ_IBUF_inst/O
                         net (fo=1, unplaced)         0.356     0.794    CLK100MHZ_IBUF
                         BUFG (Prop_bufg_I_O)         0.029     0.823 r  CLK100MHZ_IBUF_BUFG_inst/O
                         net (fo=2907, unplaced)      0.259     1.082    poly_reg_inst/forward_pass/addr_delay/clk
                         SRL16E                                       r  poly_reg_inst/forward_pass/addr_delay/gen_dly[16].regs_reg[16][6]_srl16_gen_dly_c_29/CLK
                         clock pessimism             -0.209     0.873    
                         SRL16E (Hold_srl16e_CLK_D)
                                                      0.064     0.937    poly_reg_inst/forward_pass/addr_delay/gen_dly[16].regs_reg[16][6]_srl16_gen_dly_c_29
  -------------------------------------------------------------------
                         required time                         -0.937    
                         arrival time                           1.029    
  -------------------------------------------------------------------
                         slack                                  0.092    





Pulse Width Checks
--------------------------------------------------------------------------------------
Clock Name:         CLK100MHZ
Waveform(ns):       { 0.000 1.300 }
Period(ns):         2.600
Sources:            { CLK100MHZ }

Check Type        Corner  Lib Pin             Reference Pin  Required(ns)  Actual(ns)  Slack(ns)  Location  Pin
Min Period        n/a     RAMB36E1/CLKARDCLK  n/a            2.944         2.600       -0.344               poly_reg_inst/coef_mem/gen_l_ram.ram_reg/CLKARDCLK
Low Pulse Width   Slow    SRL16E/CLK          n/a            0.980         1.300       0.320                poly_reg_inst/forward_pass/addr_delay/gen_dly[16].regs_reg[16][0]_srl16_gen_dly_c_29/CLK
High Pulse Width  Slow    SRL16E/CLK          n/a            0.980         1.300       0.320                poly_reg_inst/forward_pass/addr_delay/gen_dly[16].regs_reg[16][0]_srl16_gen_dly_c_29/CLK



