Copyright 1986-2022 Xilinx, Inc. All Rights Reserved. Copyright 2022-2025 Advanced Micro Devices, Inc. All Rights Reserved.
---------------------------------------------------------------------------------------------------------------------------------------------
| Tool Version : Vivado v.2025.2 (lin64) Build 6299465 Fri Nov 14 12:34:56 MST 2025
| Date         : Sun Apr 26 18:26:09 2026
| Host         : desktop running 64-bit Ubuntu 24.04.3 LTS
| Command      : report_high_fanout_nets -file /home/john/poly_regression/synth/vivado/results_FP32/high_fanout_nets.rpt -quiet
| Design       : mfp_nexys4_ddr
| Device       : xc7a100t
| Design State : Synthesized
---------------------------------------------------------------------------------------------------------------------------------------------

High Fan-out Nets Information

1. Summary
----------

+------------------------------------------------------------------------------------------------------------------------------------------------------+--------+-------------+
| Net Name                                                                                                                                             | Fanout | Driver Type |
+------------------------------------------------------------------------------------------------------------------------------------------------------+--------+-------------+
| rst                                                                                                                                                  |    315 | LUT2        |
| poly_reg_inst/reverse_pass/coefficient_update/fma_inst/input_pipeline.i_input_pipe/gen_pipeline.pipeline_stages[1].operands_q[1][2][31]_i_2_n_0      |    212 | LUT1        |
| poly_reg_inst/reverse_pass/error_accumulator/fma_inst/input_pipeline.i_input_pipe/gen_pipeline.pipeline_stages[1].operands_q[1][2][31]_i_2_n_0       |    212 | LUT1        |
| poly_reg_inst/forward_pass/accumulate_coefficients/fma_inst/input_pipeline.i_input_pipe/gen_pipeline.pipeline_stages[1].operands_q[1][2][31]_i_2_n_0 |    212 | LUT1        |
| poly_reg_inst/reverse_pass/exponentiator/power/fma_inst/input_pipeline.i_input_pipe/gen_pipeline.pipeline_stages[1].operands_q[1][2][31]_i_2_n_0     |    212 | LUT1        |
| poly_reg_inst/forward_pass/error_calc/fma_inst/input_pipeline.i_input_pipe/gen_pipeline.pipeline_stages[1].operands_q[1][2][31]_i_2_n_0              |    212 | LUT1        |
| poly_reg_inst/forward_pass/exponentiator/power/fma_inst/input_pipeline.i_input_pipe/gen_pipeline.pipeline_stages[1].operands_q[1][2][31]_i_2_n_0     |    212 | LUT1        |
| poly_reg_inst/reverse_pass/coefficient_update/fma_inst/effective_subtraction_q                                                                       |    158 | LUT6        |
| poly_reg_inst/forward_pass/exponentiator/power/fma_inst/effective_subtraction_q                                                                      |    158 | LUT6        |
| poly_reg_inst/reverse_pass/error_accumulator/fma_inst/effective_subtraction_q                                                                        |    158 | LUT6        |
+------------------------------------------------------------------------------------------------------------------------------------------------------+--------+-------------+


