Copyright 1986-2022 Xilinx, Inc. All Rights Reserved. Copyright 2022-2025 Advanced Micro Devices, Inc. All Rights Reserved.
---------------------------------------------------------------------------------------------------------------------------------------------
| Tool Version : Vivado v.2025.2 (lin64) Build 6299465 Fri Nov 14 12:34:56 MST 2025
| Date         : Sun Apr 26 18:26:09 2026
| Host         : desktop running 64-bit Ubuntu 24.04.3 LTS
| Command      : report_timing_summary -file /home/john/poly_regression/synth/vivado/results_FP32/timing_post_synth.rpt -quiet
| Design       : mfp_nexys4_ddr
| Device       : 7a100t-csg324
| Speed File   : -1  PRODUCTION 1.23 2018-06-13
| Design State : Synthesized
---------------------------------------------------------------------------------------------------------------------------------------------

Timing Summary Report

------------------------------------------------------------------------------------------------
| Timer Settings
| --------------
------------------------------------------------------------------------------------------------

  Enable Multi Corner Analysis               :  Yes
  Enable Pessimism Removal                   :  Yes
  Pessimism Removal Resolution               :  Nearest Common Node
  Enable Input Delay Default Clock           :  No
  Enable Preset / Clear Arcs                 :  No
  Disable Flight Delays                      :  No
  Ignore I/O Paths                           :  No
  Timing Early Launch at Borrowing Latches   :  No
  Borrow Time for Max Delay Exceptions       :  Yes
  Merge Timing Exceptions                    :  Yes
  Inter-SLR Compensation                     :  Conservative

  Corner  Analyze    Analyze    
  Name    Max Paths  Min Paths  
  ------  ---------  ---------  
  Slow    Yes        Yes        
  Fast    Yes        Yes        


------------------------------------------------------------------------------------------------
| Report Methodology
| ------------------
------------------------------------------------------------------------------------------------

No report available as report_methodology has not been run prior. Run report_methodology on the current design for the summary of methodology violations.



check_timing report

Table of Contents
-----------------
1. checking no_clock (0)
2. checking constant_clock (0)
3. checking pulse_width_clock (0)
4. checking unconstrained_internal_endpoints (0)
5. checking no_input_delay (0)
6. checking no_output_delay (0)
7. checking multiple_clock (0)
8. checking generated_clocks (0)
9. checking loops (0)
10. checking partial_input_delay (0)
11. checking partial_output_delay (0)
12. checking latch_loops (0)

1. checking no_clock (0)
------------------------
 There are 0 register/latch pins with no clock.


2. checking constant_clock (0)
------------------------------
 There are 0 register/latch pins with constant_clock.


3. checking pulse_width_clock (0)
---------------------------------
 There are 0 register/latch pins which need pulse_width check


4. checking unconstrained_internal_endpoints (0)
------------------------------------------------
 There are 0 pins that are not constrained for maximum delay.

 There are 0 pins that are not constrained for maximum delay due to constant clock.


5. checking no_input_delay (0)
------------------------------
 There are 0 input ports with no input delay specified.

 There are 0 input ports with no input delay but user has a false path constraint.


6. checking no_output_delay (0)
-------------------------------
 There are 0 ports with no output delay specified.

 There are 0 ports with no output delay but user has a false path constraint

 There are 0 ports with no output delay but with a timing clock defined on it or propagating through it


7. checking multiple_clock (0)
------------------------------
 There are 0 register/latch pins with multiple clocks.


8. checking generated_clocks (0)
--------------------------------
 There are 0 generated clocks that are not connected to a clock source.


9. checking loops (0)
---------------------
 There are 0 combinational loops in the design.


10. checking partial_input_delay (0)
------------------------------------
 There are 0 input ports with partial input delay specified.


11. checking partial_output_delay (0)
-------------------------------------
 There are 0 ports with partial output delay specified.


12. checking latch_loops (0)
----------------------------
 There are 0 combinational latch loops in the design through latch input



------------------------------------------------------------------------------------------------
| Design Timing Summary
| ---------------------
------------------------------------------------------------------------------------------------

    WNS(ns)      TNS(ns)  TNS Failing Endpoints  TNS Total Endpoints      WHS(ns)      THS(ns)  THS Failing Endpoints  THS Total Endpoints     WPWS(ns)     TPWS(ns)  TPWS Failing Endpoints  TPWS Total Endpoints  
    -------      -------  ---------------------  -------------------      -------      -------  ---------------------  -------------------     --------     --------  ----------------------  --------------------  
    -34.912   -11512.362                   1210                 3294        0.092        0.000                      0                 3294       -0.344       -1.376                       4                  1875  


Timing constraints are not met.


------------------------------------------------------------------------------------------------
| Clock Summary
| -------------
------------------------------------------------------------------------------------------------

Clock      Waveform(ns)         Period(ns)      Frequency(MHz)
-----      ------------         ----------      --------------
CLK100MHZ  {0.000 1.300}        2.600           384.615         
clk_virt   {0.000 10.000}       20.000          50.000          
jtag_tck   {0.000 50.000}       100.000         10.000          
tck        {0.000 10.000}       20.000          50.000          


------------------------------------------------------------------------------------------------
| Intra Clock Table
| -----------------
------------------------------------------------------------------------------------------------

Clock             WNS(ns)      TNS(ns)  TNS Failing Endpoints  TNS Total Endpoints      WHS(ns)      THS(ns)  THS Failing Endpoints  THS Total Endpoints     WPWS(ns)     TPWS(ns)  TPWS Failing Endpoints  TPWS Total Endpoints  
-----             -------      -------  ---------------------  -------------------      -------      -------  ---------------------  -------------------     --------     --------  ----------------------  --------------------  
CLK100MHZ         -34.912   -11512.362                   1210                 3294        0.092        0.000                      0                 3294       -0.344       -1.376                       4                  1875  


------------------------------------------------------------------------------------------------
| Inter Clock Table
| -----------------
------------------------------------------------------------------------------------------------

From Clock    To Clock          WNS(ns)      TNS(ns)  TNS Failing Endpoints  TNS Total Endpoints      WHS(ns)      THS(ns)  THS Failing Endpoints  THS Total Endpoints  
----------    --------          -------      -------  ---------------------  -------------------      -------      -------  ---------------------  -------------------  


------------------------------------------------------------------------------------------------
| Other Path Groups Table
| -----------------------
------------------------------------------------------------------------------------------------

Path Group    From Clock    To Clock          WNS(ns)      TNS(ns)  TNS Failing Endpoints  TNS Total Endpoints      WHS(ns)      THS(ns)  THS Failing Endpoints  THS Total Endpoints  
----------    ----------    --------          -------      -------  ---------------------  -------------------      -------      -------  ---------------------  -------------------  


------------------------------------------------------------------------------------------------
| Timing Details
| --------------
------------------------------------------------------------------------------------------------


---------------------------------------------------------------------------------------------------
From Clock:  CLK100MHZ
  To Clock:  CLK100MHZ

Setup :         1210  Failing Endpoints,  Worst Slack      -34.912ns,  Total Violation   -11512.362ns
Hold  :            0  Failing Endpoints,  Worst Slack        0.092ns,  Total Violation        0.000ns
PW    :            4  Failing Endpoints,  Worst Slack       -0.344ns,  Total Violation       -1.376ns
---------------------------------------------------------------------------------------------------


Max Delay Paths
--------------------------------------------------------------------------------------
Slack (VIOLATED) :        -34.912ns  (required time - arrival time)
  Source:                 poly_reg_inst/reverse_pass/coefficient_update/fma_inst/input_pipeline.i_input_pipe/gen_pipeline.pipeline_stages[1].operands_q_reg[1][1][7]/C
                            (rising edge-triggered cell FDCE clocked by CLK100MHZ  {rise@0.000ns fall@1.300ns period=2.600ns})
  Destination:            poly_reg_inst/coef_mem/gen_l_ram.ram_reg/DIBDI[14]
                            (rising edge-triggered cell RAMB18E1 clocked by CLK100MHZ  {rise@0.000ns fall@1.300ns period=2.600ns})
  Path Group:             CLK100MHZ
  Path Type:              Setup (Max at Slow Process Corner)
  Requirement:            2.600ns  (CLK100MHZ rise@2.600ns - CLK100MHZ rise@0.000ns)
  Data Path Delay:        37.091ns  (logic 12.531ns (33.785%)  route 24.560ns (66.215%))
  Logic Levels:           63  (CARRY4=27 LUT1=1 LUT2=4 LUT3=4 LUT4=4 LUT5=3 LUT6=20)
  Clock Path Skew:        -0.145ns (DCD - SCD + CPR)
    Destination Clock Delay (DCD):    2.704ns = ( 5.304 - 2.600 ) 
    Source Clock Delay      (SCD):    2.965ns
    Clock Pessimism Removal (CPR):    0.116ns
  Clock Uncertainty:      0.035ns  ((TSJ^2 + TIJ^2)^1/2 + DJ) / 2 + PE
    Total System Jitter     (TSJ):    0.071ns
    Total Input Jitter      (TIJ):    0.000ns
    Discrete Jitter          (DJ):    0.000ns
    Phase Error              (PE):    0.000ns

    Location             Delay type                Incr(ns)  Path(ns)    Netlist Resource(s)
  -------------------------------------------------------------------    -------------------
                         (clock CLK100MHZ rise edge)
                                                      0.000     0.000 r  
    E3                                                0.000     0.000 r  CLK100MHZ (IN)
                         net (fo=0)                   0.000     0.000    CLK100MHZ
    E3                   IBUF (Prop_ibuf_I_O)         1.482     1.482 r  CLK100MHZ_IBUF_inst/O
                         net (fo=1, unplaced)         0.803     2.285    CLK100MHZ_IBUF
                         BUFG (Prop_bufg_I_O)         0.096     2.381 r  CLK100MHZ_IBUF_BUFG_inst/O
                         net (fo=1874, unplaced)      0.584     2.965    poly_reg_inst/reverse_pass/coefficient_update/fma_inst/input_pipeline.i_input_pipe/clk_i
                         FDCE                                         r  poly_reg_inst/reverse_pass/coefficient_update/fma_inst/input_pipeline.i_input_pipe/gen_pipeline.pipeline_stages[1].operands_q_reg[1][1][7]/C
  -------------------------------------------------------------------    -------------------
                         FDCE (Prop_fdce_C_Q)         0.478     3.443 r  poly_reg_inst/reverse_pass/coefficient_update/fma_inst/input_pipeline.i_input_pipe/gen_pipeline.pipeline_stages[1].operands_q_reg[1][1][7]/Q
                         net (fo=3, unplaced)         0.781     4.224    poly_reg_inst/reverse_pass/coefficient_update/fma_inst/i_class_inputs/operands_i[1][7]
                         LUT4 (Prop_lut4_I1_O)        0.295     4.519 r  poly_reg_inst/reverse_pass/coefficient_update/fma_inst/i_class_inputs/info_o[1][is_subnormal]_INST_0_i_3/O
                         net (fo=1, unplaced)         0.964     5.483    poly_reg_inst/reverse_pass/coefficient_update/fma_inst/i_class_inputs/info_o[1][is_subnormal]_INST_0_i_3_n_0
                         LUT6 (Prop_lut6_I0_O)        0.124     5.607 r  poly_reg_inst/reverse_pass/coefficient_update/fma_inst/i_class_inputs/info_o[1][is_subnormal]_INST_0_i_1/O
                         net (fo=4, unplaced)         0.443     6.050    poly_reg_inst/reverse_pass/coefficient_update/fma_inst/i_class_inputs/info_o[1][is_subnormal]_INST_0_i_1_n_0
                         LUT3 (Prop_lut3_I0_O)        0.124     6.174 r  poly_reg_inst/reverse_pass/coefficient_update/fma_inst/i_class_inputs/info_o[1][is_subnormal]_INST_0/O
                         net (fo=3, unplaced)         0.467     6.641    poly_reg_inst/reverse_pass/coefficient_update/fma_inst/info_q[1][is_subnormal]
                         LUT4 (Prop_lut4_I0_O)        0.124     6.765 r  poly_reg_inst/reverse_pass/coefficient_update/fma_inst/i_fpnew_rounding_i_634/O
                         net (fo=2, unplaced)         0.460     7.225    poly_reg_inst/reverse_pass/coefficient_update/fma_inst/i_fpnew_rounding_i_634_n_0
                         LUT6 (Prop_lut6_I5_O)        0.124     7.349 r  poly_reg_inst/reverse_pass/coefficient_update/fma_inst/i_fpnew_rounding_i_604/O
                         net (fo=1, unplaced)         0.000     7.349    poly_reg_inst/reverse_pass/coefficient_update/fma_inst/i_fpnew_rounding_i_604_n_0
                         CARRY4 (Prop_carry4_S[1]_O[2])
                                                      0.578     7.927 f  poly_reg_inst/reverse_pass/coefficient_update/fma_inst/i_fpnew_rounding_i_454/O[2]
                         net (fo=14, unplaced)        0.503     8.430    poly_reg_inst/reverse_pass/coefficient_update/fma_inst/exponent_product0[2]
                         LUT6 (Prop_lut6_I5_O)        0.301     8.731 r  poly_reg_inst/reverse_pass/coefficient_update/fma_inst/i_lzc_i_349/O
                         net (fo=1, unplaced)         0.473     9.204    poly_reg_inst/reverse_pass/coefficient_update/fma_inst/i_lzc_i_349_n_0
                         CARRY4 (Prop_carry4_DI[3]_CO[3])
                                                      0.396     9.600 r  poly_reg_inst/reverse_pass/coefficient_update/fma_inst/i_lzc_i_277/CO[3]
                         net (fo=1, unplaced)         0.000     9.600    poly_reg_inst/reverse_pass/coefficient_update/fma_inst/i_lzc_i_277_n_0
                         CARRY4 (Prop_carry4_CI_O[3])
                                                      0.331     9.931 f  poly_reg_inst/reverse_pass/coefficient_update/fma_inst/i_lzc_i_269/O[3]
                         net (fo=6, unplaced)         1.000    10.931    poly_reg_inst/reverse_pass/coefficient_update/fma_inst/i_lzc_i_269_n_4
                         LUT6 (Prop_lut6_I2_O)        0.307    11.238 r  poly_reg_inst/reverse_pass/coefficient_update/fma_inst/i_lzc_i_325/O
                         net (fo=3, unplaced)         0.437    11.675    poly_reg_inst/reverse_pass/coefficient_update/fma_inst/i_lzc_i_325_n_0
                         LUT6 (Prop_lut6_I0_O)        0.124    11.799 f  poly_reg_inst/reverse_pass/coefficient_update/fma_inst/i_lzc_i_268/O
                         net (fo=8, unplaced)         0.487    12.286    poly_reg_inst/reverse_pass/coefficient_update/fma_inst/i_lzc_i_268_n_0
                         LUT3 (Prop_lut3_I0_O)        0.124    12.410 r  poly_reg_inst/reverse_pass/coefficient_update/fma_inst/i_lzc_i_363/O
                         net (fo=30, unplaced)        0.519    12.929    poly_reg_inst/reverse_pass/coefficient_update/fma_inst/addend_shamt[0]
                         LUT5 (Prop_lut5_I4_O)        0.124    13.053 f  poly_reg_inst/reverse_pass/coefficient_update/fma_inst/i_lzc_i_361/O
                         net (fo=4, unplaced)         0.756    13.809    poly_reg_inst/reverse_pass/coefficient_update/fma_inst/i_lzc_i_361_n_0
                         LUT6 (Prop_lut6_I1_O)        0.124    13.933 f  poly_reg_inst/reverse_pass/coefficient_update/fma_inst/i_lzc_i_288/O
                         net (fo=4, unplaced)         0.756    14.689    poly_reg_inst/reverse_pass/coefficient_update/fma_inst/i_lzc_i_288_n_0
                         LUT6 (Prop_lut6_I1_O)        0.124    14.813 f  poly_reg_inst/reverse_pass/coefficient_update/fma_inst/i_lzc_i_201/O
                         net (fo=3, unplaced)         0.959    15.772    poly_reg_inst/reverse_pass/coefficient_update/fma_inst/i_lzc_i_201_n_0
                         LUT6 (Prop_lut6_I0_O)        0.124    15.896 f  poly_reg_inst/reverse_pass/coefficient_update/fma_inst/i_lzc_i_320/O
                         net (fo=1, unplaced)         0.941    16.837    poly_reg_inst/reverse_pass/coefficient_update/fma_inst/i_lzc_i_320_n_0
                         LUT6 (Prop_lut6_I1_O)        0.124    16.961 f  poly_reg_inst/reverse_pass/coefficient_update/fma_inst/i_lzc_i_263/O
                         net (fo=1, unplaced)         0.732    17.693    poly_reg_inst/reverse_pass/coefficient_update/fma_inst/i_lzc_i_263_n_0
                         LUT6 (Prop_lut6_I0_O)        0.124    17.817 f  poly_reg_inst/reverse_pass/coefficient_update/fma_inst/i_lzc_i_185/O
                         net (fo=3, unplaced)         0.467    18.284    poly_reg_inst/reverse_pass/coefficient_update/fma_inst/sticky_before_add_q
                         LUT2 (Prop_lut2_I1_O)        0.124    18.408 r  poly_reg_inst/reverse_pass/coefficient_update/fma_inst/i_lzc_i_78/O
                         net (fo=1, unplaced)         0.333    18.741    poly_reg_inst/reverse_pass/coefficient_update/fma_inst/inject_carry_in
                         CARRY4 (Prop_carry4_DI[0]_CO[3])
                                                      0.550    19.291 r  poly_reg_inst/reverse_pass/coefficient_update/fma_inst/i_lzc_i_51/CO[3]
                         net (fo=1, unplaced)         0.000    19.291    poly_reg_inst/reverse_pass/coefficient_update/fma_inst/i_lzc_i_51_n_0
                         CARRY4 (Prop_carry4_CI_CO[3])
                                                      0.117    19.408 r  poly_reg_inst/reverse_pass/coefficient_update/fma_inst/i_lzc_i_76/CO[3]
                         net (fo=1, unplaced)         0.000    19.408    poly_reg_inst/reverse_pass/coefficient_update/fma_inst/i_lzc_i_76_n_0
                         CARRY4 (Prop_carry4_CI_CO[3])
                                                      0.117    19.525 r  poly_reg_inst/reverse_pass/coefficient_update/fma_inst/i_lzc_i_74/CO[3]
                         net (fo=1, unplaced)         0.000    19.525    poly_reg_inst/reverse_pass/coefficient_update/fma_inst/i_lzc_i_74_n_0
                         CARRY4 (Prop_carry4_CI_CO[3])
                                                      0.117    19.642 r  poly_reg_inst/reverse_pass/coefficient_update/fma_inst/i_lzc_i_72/CO[3]
                         net (fo=1, unplaced)         0.000    19.642    poly_reg_inst/reverse_pass/coefficient_update/fma_inst/i_lzc_i_72_n_0
                         CARRY4 (Prop_carry4_CI_CO[3])
                                                      0.117    19.759 r  poly_reg_inst/reverse_pass/coefficient_update/fma_inst/i_lzc_i_70/CO[3]
                         net (fo=1, unplaced)         0.000    19.759    poly_reg_inst/reverse_pass/coefficient_update/fma_inst/i_lzc_i_70_n_0
                         CARRY4 (Prop_carry4_CI_CO[3])
                                                      0.117    19.876 r  poly_reg_inst/reverse_pass/coefficient_update/fma_inst/i_lzc_i_68/CO[3]
                         net (fo=1, unplaced)         0.000    19.876    poly_reg_inst/reverse_pass/coefficient_update/fma_inst/i_lzc_i_68_n_0
                         CARRY4 (Prop_carry4_CI_CO[3])
                                                      0.117    19.993 r  poly_reg_inst/reverse_pass/coefficient_update/fma_inst/i_lzc_i_66/CO[3]
                         net (fo=1, unplaced)         0.000    19.993    poly_reg_inst/reverse_pass/coefficient_update/fma_inst/i_lzc_i_66_n_0
                         CARRY4 (Prop_carry4_CI_CO[3])
                                                      0.117    20.110 r  poly_reg_inst/reverse_pass/coefficient_update/fma_inst/i_lzc_i_64/CO[3]
                         net (fo=1, unplaced)         0.000    20.110    poly_reg_inst/reverse_pass/coefficient_update/fma_inst/i_lzc_i_64_n_0
                         CARRY4 (Prop_carry4_CI_CO[3])
                                                      0.117    20.227 r  poly_reg_inst/reverse_pass/coefficient_update/fma_inst/i_lzc_i_62/CO[3]
                         net (fo=1, unplaced)         0.000    20.227    poly_reg_inst/reverse_pass/coefficient_update/fma_inst/i_lzc_i_62_n_0
                         CARRY4 (Prop_carry4_CI_CO[3])
                                                      0.117    20.344 r  poly_reg_inst/reverse_pass/coefficient_update/fma_inst/i_lzc_i_60/CO[3]
                         net (fo=1, unplaced)         0.000    20.344    poly_reg_inst/reverse_pass/coefficient_update/fma_inst/i_lzc_i_60_n_0
                         CARRY4 (Prop_carry4_CI_O[2])
                                                      0.256    20.600 f  poly_reg_inst/reverse_pass/coefficient_update/fma_inst/i_lzc_i_58/O[2]
                         net (fo=4, unplaced)         0.476    21.076    poly_reg_inst/reverse_pass/coefficient_update/fma_inst/i_lzc_i_58_n_5
                         LUT1 (Prop_lut1_I0_O)        0.301    21.377 r  poly_reg_inst/reverse_pass/coefficient_update/fma_inst/i_lzc_i_102/O
                         net (fo=1, unplaced)         0.000    21.377    poly_reg_inst/reverse_pass/coefficient_update/fma_inst/i_lzc_i_102_n_0
                         CARRY4 (Prop_carry4_S[1]_CO[3])
                                                      0.533    21.910 r  poly_reg_inst/reverse_pass/coefficient_update/fma_inst/i_lzc_i_57/CO[3]
                         net (fo=1, unplaced)         0.000    21.910    poly_reg_inst/reverse_pass/coefficient_update/fma_inst/i_lzc_i_57_n_0
                         CARRY4 (Prop_carry4_CI_O[1])
                                                      0.337    22.247 f  poly_reg_inst/reverse_pass/coefficient_update/fma_inst/i_lzc_i_55/O[1]
                         net (fo=3, unplaced)         0.629    22.876    poly_reg_inst/reverse_pass/coefficient_update/fma_inst/sum_d0[46]
                         LUT4 (Prop_lut4_I3_O)        0.306    23.182 f  poly_reg_inst/reverse_pass/coefficient_update/fma_inst/i_lzc_i_5/O
                         net (fo=6, unplaced)         0.764    23.946    poly_reg_inst/reverse_pass/coefficient_update/fma_inst/i_lzc/in_i[46]
                         LUT3 (Prop_lut3_I0_O)        0.124    24.070 r  poly_reg_inst/reverse_pass/coefficient_update/fma_inst/i_lzc/cnt_o[0]_INST_0_i_11/O
                         net (fo=1, unplaced)         0.449    24.519    poly_reg_inst/reverse_pass/coefficient_update/fma_inst/i_lzc/cnt_o[0]_INST_0_i_11_n_0
                         LUT5 (Prop_lut5_I0_O)        0.124    24.643 f  poly_reg_inst/reverse_pass/coefficient_update/fma_inst/i_lzc/cnt_o[0]_INST_0_i_4/O
                         net (fo=1, unplaced)         0.732    25.375    poly_reg_inst/reverse_pass/coefficient_update/fma_inst/i_lzc/cnt_o[0]_INST_0_i_4_n_0
                         LUT3 (Prop_lut3_I0_O)        0.124    25.499 f  poly_reg_inst/reverse_pass/coefficient_update/fma_inst/i_lzc/cnt_o[0]_INST_0_i_1/O
                         net (fo=1, unplaced)         0.665    26.164    poly_reg_inst/reverse_pass/coefficient_update/fma_inst/i_lzc/cnt_o[0]_INST_0_i_1_n_0
                         LUT5 (Prop_lut5_I0_O)        0.124    26.288 r  poly_reg_inst/reverse_pass/coefficient_update/fma_inst/i_lzc/cnt_o[0]_INST_0/O
                         net (fo=3, unplaced)         0.467    26.755    poly_reg_inst/reverse_pass/coefficient_update/fma_inst/leading_zero_count[0]
                         LUT6 (Prop_lut6_I5_O)        0.124    26.879 r  poly_reg_inst/reverse_pass/coefficient_update/fma_inst/i_fpnew_rounding_i_622/O
                         net (fo=1, unplaced)         0.000    26.879    poly_reg_inst/reverse_pass/coefficient_update/fma_inst/i_fpnew_rounding_i_622_n_0
                         CARRY4 (Prop_carry4_S[0]_CO[3])
                                                      0.513    27.392 r  poly_reg_inst/reverse_pass/coefficient_update/fma_inst/i_fpnew_rounding_i_494/CO[3]
                         net (fo=1, unplaced)         0.000    27.392    poly_reg_inst/reverse_pass/coefficient_update/fma_inst/i_fpnew_rounding_i_494_n_0
                         CARRY4 (Prop_carry4_CI_CO[3])
                                                      0.117    27.509 r  poly_reg_inst/reverse_pass/coefficient_update/fma_inst/i_fpnew_rounding_i_276/CO[3]
                         net (fo=1, unplaced)         0.000    27.509    poly_reg_inst/reverse_pass/coefficient_update/fma_inst/i_fpnew_rounding_i_276_n_0
                         CARRY4 (Prop_carry4_CI_CO[1])
                                                      0.179    27.688 r  poly_reg_inst/reverse_pass/coefficient_update/fma_inst/i_fpnew_rounding_i_114/CO[1]
                         net (fo=12, unplaced)        0.360    28.048    poly_reg_inst/reverse_pass/coefficient_update/fma_inst/i_fpnew_rounding_i_114_n_2
                         LUT2 (Prop_lut2_I0_O)        0.332    28.380 r  poly_reg_inst/reverse_pass/coefficient_update/fma_inst/i_fpnew_rounding_i_236/O
                         net (fo=11, unplaced)        0.495    28.875    poly_reg_inst/reverse_pass/coefficient_update/fma_inst/i_fpnew_rounding_i_236_n_0
                         LUT6 (Prop_lut6_I5_O)        0.124    28.999 r  poly_reg_inst/reverse_pass/coefficient_update/fma_inst/i_fpnew_rounding_i_299/O
                         net (fo=112, unplaced)       0.551    29.550    poly_reg_inst/reverse_pass/coefficient_update/fma_inst/norm_shamt[0]
                         LUT6 (Prop_lut6_I4_O)        0.124    29.674 r  poly_reg_inst/reverse_pass/coefficient_update/fma_inst/i_fpnew_rounding_i_350/O
                         net (fo=1, unplaced)         0.941    30.615    poly_reg_inst/reverse_pass/coefficient_update/fma_inst/i_fpnew_rounding_i_350_n_0
                         LUT6 (Prop_lut6_I0_O)        0.124    30.739 r  poly_reg_inst/reverse_pass/coefficient_update/fma_inst/i_fpnew_rounding_i_165/O
                         net (fo=3, unplaced)         0.750    31.489    poly_reg_inst/reverse_pass/coefficient_update/fma_inst/i_fpnew_rounding_i_165_n_0
                         LUT6 (Prop_lut6_I1_O)        0.124    31.613 r  poly_reg_inst/reverse_pass/coefficient_update/fma_inst/i_fpnew_rounding_i_434/O
                         net (fo=6, unplaced)         0.481    32.094    poly_reg_inst/reverse_pass/coefficient_update/fma_inst/i_fpnew_rounding_i_434_n_0
                         LUT6 (Prop_lut6_I2_O)        0.124    32.218 r  poly_reg_inst/reverse_pass/coefficient_update/fma_inst/i_fpnew_rounding_i_216/O
                         net (fo=1, unplaced)         0.732    32.950    poly_reg_inst/reverse_pass/coefficient_update/fma_inst/i_fpnew_rounding_i_216_n_0
                         LUT6 (Prop_lut6_I1_O)        0.124    33.074 r  poly_reg_inst/reverse_pass/coefficient_update/fma_inst/i_fpnew_rounding_i_79/O
                         net (fo=1, unplaced)         0.964    34.038    poly_reg_inst/reverse_pass/coefficient_update/fma_inst/i_fpnew_rounding_i_79_n_0
                         LUT6 (Prop_lut6_I0_O)        0.124    34.162 r  poly_reg_inst/reverse_pass/coefficient_update/fma_inst/i_fpnew_rounding_i_35/O
                         net (fo=33, unplaced)        0.521    34.683    poly_reg_inst/reverse_pass/coefficient_update/fma_inst/of_before_round
                         LUT2 (Prop_lut2_I0_O)        0.124    34.807 r  poly_reg_inst/reverse_pass/coefficient_update/fma_inst/i_fpnew_rounding_i_73/O
                         net (fo=1, unplaced)         0.941    35.748    poly_reg_inst/reverse_pass/coefficient_update/fma_inst/i_fpnew_rounding_i_73_n_0
                         LUT6 (Prop_lut6_I0_O)        0.124    35.872 r  poly_reg_inst/reverse_pass/coefficient_update/fma_inst/i_fpnew_rounding_i_34/O
                         net (fo=2, unplaced)         0.460    36.332    poly_reg_inst/reverse_pass/coefficient_update/fma_inst/i_fpnew_rounding/round_sticky_bits_i[0]
                         LUT6 (Prop_lut6_I1_O)        0.124    36.456 r  poly_reg_inst/reverse_pass/coefficient_update/fma_inst/i_fpnew_rounding/abs_rounded_o[0]_INST_0_i_2/O
                         net (fo=1, unplaced)         0.449    36.905    poly_reg_inst/reverse_pass/coefficient_update/fma_inst/i_fpnew_rounding/abs_rounded_o[0]_INST_0_i_2_n_0
                         LUT4 (Prop_lut4_I1_O)        0.124    37.029 r  poly_reg_inst/reverse_pass/coefficient_update/fma_inst/i_fpnew_rounding/abs_rounded_o[0]_INST_0_i_1/O
                         net (fo=1, unplaced)         0.000    37.029    poly_reg_inst/reverse_pass/coefficient_update/fma_inst/i_fpnew_rounding/abs_rounded_o[0]_INST_0_i_1_n_0
                         CARRY4 (Prop_carry4_S[0]_CO[3])
                                                      0.513    37.542 r  poly_reg_inst/reverse_pass/coefficient_update/fma_inst/i_fpnew_rounding/abs_rounded_o[0]_INST_0/CO[3]
                         net (fo=1, unplaced)         0.000    37.542    poly_reg_inst/reverse_pass/coefficient_update/fma_inst/i_fpnew_rounding/abs_rounded_o[0]_INST_0_n_0
                         CARRY4 (Prop_carry4_CI_CO[3])
                                                      0.117    37.659 r  poly_reg_inst/reverse_pass/coefficient_update/fma_inst/i_fpnew_rounding/abs_rounded_o[4]_INST_0/CO[3]
                         net (fo=1, unplaced)         0.000    37.659    poly_reg_inst/reverse_pass/coefficient_update/fma_inst/i_fpnew_rounding/abs_rounded_o[4]_INST_0_n_0
                         CARRY4 (Prop_carry4_CI_CO[3])
                                                      0.117    37.776 r  poly_reg_inst/reverse_pass/coefficient_update/fma_inst/i_fpnew_rounding/abs_rounded_o[8]_INST_0/CO[3]
                         net (fo=1, unplaced)         0.000    37.776    poly_reg_inst/reverse_pass/coefficient_update/fma_inst/i_fpnew_rounding/abs_rounded_o[8]_INST_0_n_0
                         CARRY4 (Prop_carry4_CI_CO[3])
                                                      0.117    37.893 r  poly_reg_inst/reverse_pass/coefficient_update/fma_inst/i_fpnew_rounding/abs_rounded_o[12]_INST_0/CO[3]
                         net (fo=1, unplaced)         0.000    37.893    poly_reg_inst/reverse_pass/coefficient_update/fma_inst/i_fpnew_rounding/abs_rounded_o[12]_INST_0_n_0
                         CARRY4 (Prop_carry4_CI_CO[3])
                                                      0.117    38.010 r  poly_reg_inst/reverse_pass/coefficient_update/fma_inst/i_fpnew_rounding/abs_rounded_o[16]_INST_0/CO[3]
                         net (fo=1, unplaced)         0.000    38.010    poly_reg_inst/reverse_pass/coefficient_update/fma_inst/i_fpnew_rounding/abs_rounded_o[16]_INST_0_n_0
                         CARRY4 (Prop_carry4_CI_CO[3])
                                                      0.117    38.127 r  poly_reg_inst/reverse_pass/coefficient_update/fma_inst/i_fpnew_rounding/abs_rounded_o[20]_INST_0/CO[3]
                         net (fo=1, unplaced)         0.000    38.127    poly_reg_inst/reverse_pass/coefficient_update/fma_inst/i_fpnew_rounding/abs_rounded_o[20]_INST_0_n_0
                         CARRY4 (Prop_carry4_CI_CO[3])
                                                      0.117    38.244 r  poly_reg_inst/reverse_pass/coefficient_update/fma_inst/i_fpnew_rounding/abs_rounded_o[24]_INST_0/CO[3]
                         net (fo=1, unplaced)         0.000    38.244    poly_reg_inst/reverse_pass/coefficient_update/fma_inst/i_fpnew_rounding/abs_rounded_o[24]_INST_0_n_0
                         CARRY4 (Prop_carry4_CI_O[2])
                                                      0.256    38.500 r  poly_reg_inst/reverse_pass/coefficient_update/fma_inst/i_fpnew_rounding/abs_rounded_o[28]_INST_0/O[2]
                         net (fo=1, unplaced)         0.452    38.952    poly_reg_inst/reverse_pass/coefficient_update/fma_inst/rounded_abs[30]
                         LUT2 (Prop_lut2_I1_O)        0.301    39.253 r  poly_reg_inst/reverse_pass/coefficient_update/fma_inst/result_o[30]_INST_0/O
                         net (fo=2, unplaced)         0.803    40.056    poly_reg_inst/coef_mem/wr_data[30]
                         RAMB18E1                                     r  poly_reg_inst/coef_mem/gen_l_ram.ram_reg/DIBDI[14]
  -------------------------------------------------------------------    -------------------

                         (clock CLK100MHZ rise edge)
                                                      2.600     2.600 r  
    E3                                                0.000     2.600 r  CLK100MHZ (IN)
                         net (fo=0)                   0.000     2.600    CLK100MHZ
    E3                   IBUF (Prop_ibuf_I_O)         1.411     4.011 r  CLK100MHZ_IBUF_inst/O
                         net (fo=1, unplaced)         0.763     4.774    CLK100MHZ_IBUF
                         BUFG (Prop_bufg_I_O)         0.091     4.865 r  CLK100MHZ_IBUF_BUFG_inst/O
                         net (fo=1874, unplaced)      0.439     5.304    poly_reg_inst/coef_mem/clk
                         RAMB18E1                                     r  poly_reg_inst/coef_mem/gen_l_ram.ram_reg/CLKBWRCLK
                         clock pessimism              0.116     5.420    
                         clock uncertainty           -0.035     5.384    
                         RAMB18E1 (Setup_ramb18e1_CLKBWRCLK_DIBDI[14])
                                                     -0.241     5.143    poly_reg_inst/coef_mem/gen_l_ram.ram_reg
  -------------------------------------------------------------------
                         required time                          5.143    
                         arrival time                         -40.056    
  -------------------------------------------------------------------
                         slack                                -34.912    





Min Delay Paths
--------------------------------------------------------------------------------------
Slack (MET) :             0.092ns  (arrival time - required time)
  Source:                 poly_reg_inst/controller/cur_data_addr_reg[6]/C
                            (rising edge-triggered cell FDRE clocked by CLK100MHZ  {rise@0.000ns fall@1.300ns period=2.600ns})
  Destination:            poly_reg_inst/forward_pass/addr_delay/gen_dly[16].regs_reg[16][6]_srl16_gen_dly_c_29/D
                            (rising edge-triggered cell SRL16E clocked by CLK100MHZ  {rise@0.000ns fall@1.300ns period=2.600ns})
  Path Group:             CLK100MHZ
  Path Type:              Hold (Min at Fast Process Corner)
  Requirement:            0.000ns  (CLK100MHZ rise@0.000ns - CLK100MHZ rise@0.000ns)
  Data Path Delay:        0.301ns  (logic 0.147ns (48.792%)  route 0.154ns (51.208%))
  Logic Levels:           0  
  Clock Path Skew:        0.145ns (DCD - SCD - CPR)
    Destination Clock Delay (DCD):    1.082ns
    Source Clock Delay      (SCD):    0.728ns
    Clock Pessimism Removal (CPR):    0.209ns

    Location             Delay type                Incr(ns)  Path(ns)    Netlist Resource(s)
  -------------------------------------------------------------------    -------------------
                         (clock CLK100MHZ rise edge)
                                                      0.000     0.000 r  
    E3                                                0.000     0.000 r  CLK100MHZ (IN)
                         net (fo=0)                   0.000     0.000    CLK100MHZ
    E3                   IBUF (Prop_ibuf_I_O)         0.250     0.250 r  CLK100MHZ_IBUF_inst/O
                         net (fo=1, unplaced)         0.338     0.588    CLK100MHZ_IBUF
                         BUFG (Prop_bufg_I_O)         0.026     0.614 r  CLK100MHZ_IBUF_BUFG_inst/O
                         net (fo=1874, unplaced)      0.114     0.728    poly_reg_inst/controller/clk
                         FDRE                                         r  poly_reg_inst/controller/cur_data_addr_reg[6]/C
  -------------------------------------------------------------------    -------------------
                         FDRE (Prop_fdre_C_Q)         0.147     0.875 r  poly_reg_inst/controller/cur_data_addr_reg[6]/Q
                         net (fo=6, unplaced)         0.154     1.029    poly_reg_inst/forward_pass/addr_delay/in[6]
                         SRL16E                                       r  poly_reg_inst/forward_pass/addr_delay/gen_dly[16].regs_reg[16][6]_srl16_gen_dly_c_29/D
  -------------------------------------------------------------------    -------------------

                         (clock CLK100MHZ rise edge)
                                                      0.000     0.000 r  
    E3                                                0.000     0.000 r  CLK100MHZ (IN)
                         net (fo=0)                   0.000     0.000    CLK100MHZ
    E3                   IBUF (Prop_ibuf_I_O)         0.438     0.438 r  CLK100MHZ_IBUF_inst/O
                         net (fo=1, unplaced)         0.356     0.794    CLK100MHZ_IBUF
                         BUFG (Prop_bufg_I_O)         0.029     0.823 r  CLK100MHZ_IBUF_BUFG_inst/O
                         net (fo=1874, unplaced)      0.259     1.082    poly_reg_inst/forward_pass/addr_delay/clk
                         SRL16E                                       r  poly_reg_inst/forward_pass/addr_delay/gen_dly[16].regs_reg[16][6]_srl16_gen_dly_c_29/CLK
                         clock pessimism             -0.209     0.873    
                         SRL16E (Hold_srl16e_CLK_D)
                                                      0.064     0.937    poly_reg_inst/forward_pass/addr_delay/gen_dly[16].regs_reg[16][6]_srl16_gen_dly_c_29
  -------------------------------------------------------------------
                         required time                         -0.937    
                         arrival time                           1.029    
  -------------------------------------------------------------------
                         slack                                  0.092    





Pulse Width Checks
--------------------------------------------------------------------------------------
Clock Name:         CLK100MHZ
Waveform(ns):       { 0.000 1.300 }
Period(ns):         2.600
Sources:            { CLK100MHZ }

Check Type        Corner  Lib Pin             Reference Pin  Required(ns)  Actual(ns)  Slack(ns)  Location  Pin
Min Period        n/a     RAMB18E1/CLKARDCLK  n/a            2.944         2.600       -0.344               poly_reg_inst/coef_mem/gen_l_ram.ram_reg/CLKARDCLK
Low Pulse Width   Slow    SRL16E/CLK          n/a            0.980         1.300       0.320                poly_reg_inst/forward_pass/addr_delay/gen_dly[16].regs_reg[16][0]_srl16_gen_dly_c_29/CLK
High Pulse Width  Slow    SRL16E/CLK          n/a            0.980         1.300       0.320                poly_reg_inst/forward_pass/addr_delay/gen_dly[16].regs_reg[16][0]_srl16_gen_dly_c_29/CLK



