Copyright 1986-2022 Xilinx, Inc. All Rights Reserved. Copyright 2022-2025 Advanced Micro Devices, Inc. All Rights Reserved.
---------------------------------------------------------------------------------------------------------------------------------------------
| Tool Version : Vivado v.2025.2 (lin64) Build 6299465 Fri Nov 14 12:34:56 MST 2025
| Date         : Thu Apr 30 18:29:55 2026
| Host         : desktop running 64-bit Ubuntu 24.04.3 LTS
| Command      : report_timing_summary -file /home/john/poly_regression/synth/vivado/results_FP16/timing_post_synth.rpt -quiet
| Design       : mfp_nexys4_ddr
| Device       : 7a100t-csg324
| Speed File   : -1  PRODUCTION 1.23 2018-06-13
| Design State : Synthesized
---------------------------------------------------------------------------------------------------------------------------------------------

Timing Summary Report

------------------------------------------------------------------------------------------------
| Timer Settings
| --------------
------------------------------------------------------------------------------------------------

  Enable Multi Corner Analysis               :  Yes
  Enable Pessimism Removal                   :  Yes
  Pessimism Removal Resolution               :  Nearest Common Node
  Enable Input Delay Default Clock           :  No
  Enable Preset / Clear Arcs                 :  No
  Disable Flight Delays                      :  No
  Ignore I/O Paths                           :  No
  Timing Early Launch at Borrowing Latches   :  No
  Borrow Time for Max Delay Exceptions       :  Yes
  Merge Timing Exceptions                    :  Yes
  Inter-SLR Compensation                     :  Conservative

  Corner  Analyze    Analyze    
  Name    Max Paths  Min Paths  
  ------  ---------  ---------  
  Slow    Yes        Yes        
  Fast    Yes        Yes        


------------------------------------------------------------------------------------------------
| Report Methodology
| ------------------
------------------------------------------------------------------------------------------------

No report available as report_methodology has not been run prior. Run report_methodology on the current design for the summary of methodology violations.



check_timing report

Table of Contents
-----------------
1. checking no_clock (0)
2. checking constant_clock (0)
3. checking pulse_width_clock (0)
4. checking unconstrained_internal_endpoints (0)
5. checking no_input_delay (0)
6. checking no_output_delay (0)
7. checking multiple_clock (0)
8. checking generated_clocks (0)
9. checking loops (0)
10. checking partial_input_delay (0)
11. checking partial_output_delay (0)
12. checking latch_loops (0)

1. checking no_clock (0)
------------------------
 There are 0 register/latch pins with no clock.


2. checking constant_clock (0)
------------------------------
 There are 0 register/latch pins with constant_clock.


3. checking pulse_width_clock (0)
---------------------------------
 There are 0 register/latch pins which need pulse_width check


4. checking unconstrained_internal_endpoints (0)
------------------------------------------------
 There are 0 pins that are not constrained for maximum delay.

 There are 0 pins that are not constrained for maximum delay due to constant clock.


5. checking no_input_delay (0)
------------------------------
 There are 0 input ports with no input delay specified.

 There are 0 input ports with no input delay but user has a false path constraint.


6. checking no_output_delay (0)
-------------------------------
 There are 0 ports with no output delay specified.

 There are 0 ports with no output delay but user has a false path constraint

 There are 0 ports with no output delay but with a timing clock defined on it or propagating through it


7. checking multiple_clock (0)
------------------------------
 There are 0 register/latch pins with multiple clocks.


8. checking generated_clocks (0)
--------------------------------
 There are 0 generated clocks that are not connected to a clock source.


9. checking loops (0)
---------------------
 There are 0 combinational loops in the design.


10. checking partial_input_delay (0)
------------------------------------
 There are 0 input ports with partial input delay specified.


11. checking partial_output_delay (0)
-------------------------------------
 There are 0 ports with partial output delay specified.


12. checking latch_loops (0)
----------------------------
 There are 0 combinational latch loops in the design through latch input



------------------------------------------------------------------------------------------------
| Design Timing Summary
| ---------------------
------------------------------------------------------------------------------------------------

    WNS(ns)      TNS(ns)  TNS Failing Endpoints  TNS Total Endpoints      WHS(ns)      THS(ns)  THS Failing Endpoints  THS Total Endpoints     WPWS(ns)     TPWS(ns)  TPWS Failing Endpoints  TPWS Total Endpoints  
    -------      -------  ---------------------  -------------------      -------      -------  ---------------------  -------------------     --------     --------  ----------------------  --------------------  
    -14.437    -5392.957                   1050                 6529        0.070        0.000                      0                 6529       -0.344       -0.688                       2                  3504  


Timing constraints are not met.


------------------------------------------------------------------------------------------------
| Clock Summary
| -------------
------------------------------------------------------------------------------------------------

Clock      Waveform(ns)         Period(ns)      Frequency(MHz)
-----      ------------         ----------      --------------
CLK100MHZ  {0.000 1.300}        2.600           384.615         
clk_virt   {0.000 10.000}       20.000          50.000          
jtag_tck   {0.000 50.000}       100.000         10.000          
tck        {0.000 10.000}       20.000          50.000          


------------------------------------------------------------------------------------------------
| Intra Clock Table
| -----------------
------------------------------------------------------------------------------------------------

Clock             WNS(ns)      TNS(ns)  TNS Failing Endpoints  TNS Total Endpoints      WHS(ns)      THS(ns)  THS Failing Endpoints  THS Total Endpoints     WPWS(ns)     TPWS(ns)  TPWS Failing Endpoints  TPWS Total Endpoints  
-----             -------      -------  ---------------------  -------------------      -------      -------  ---------------------  -------------------     --------     --------  ----------------------  --------------------  
CLK100MHZ         -14.437    -5392.957                   1050                 6529        0.070        0.000                      0                 6529       -0.344       -0.688                       2                  3504  


------------------------------------------------------------------------------------------------
| Inter Clock Table
| -----------------
------------------------------------------------------------------------------------------------

From Clock    To Clock          WNS(ns)      TNS(ns)  TNS Failing Endpoints  TNS Total Endpoints      WHS(ns)      THS(ns)  THS Failing Endpoints  THS Total Endpoints  
----------    --------          -------      -------  ---------------------  -------------------      -------      -------  ---------------------  -------------------  


------------------------------------------------------------------------------------------------
| Other Path Groups Table
| -----------------------
------------------------------------------------------------------------------------------------

Path Group    From Clock    To Clock          WNS(ns)      TNS(ns)  TNS Failing Endpoints  TNS Total Endpoints      WHS(ns)      THS(ns)  THS Failing Endpoints  THS Total Endpoints  
----------    ----------    --------          -------      -------  ---------------------  -------------------      -------      -------  ---------------------  -------------------  


------------------------------------------------------------------------------------------------
| Timing Details
| --------------
------------------------------------------------------------------------------------------------


---------------------------------------------------------------------------------------------------
From Clock:  CLK100MHZ
  To Clock:  CLK100MHZ

Setup :         1050  Failing Endpoints,  Worst Slack      -14.437ns,  Total Violation    -5392.957ns
Hold  :            0  Failing Endpoints,  Worst Slack        0.070ns,  Total Violation        0.000ns
PW    :            2  Failing Endpoints,  Worst Slack       -0.344ns,  Total Violation       -0.688ns
---------------------------------------------------------------------------------------------------


Max Delay Paths
--------------------------------------------------------------------------------------
Slack (VIOLATED) :        -14.437ns  (required time - arrival time)
  Source:                 poly_reg_inst/forward_pass/y_delay/gen_dly[58].regs_reg[58][8]/C
                            (rising edge-triggered cell FDCE clocked by CLK100MHZ  {rise@0.000ns fall@1.300ns period=2.600ns})
  Destination:            poly_reg_inst/forward_pass/error_calc/fma_inst/inside_pipeline.i_inside_pipe/gen_pipeline.pipeline_stages[0].sum_q_reg[0][36]/D
                            (rising edge-triggered cell FDCE clocked by CLK100MHZ  {rise@0.000ns fall@1.300ns period=2.600ns})
  Path Group:             CLK100MHZ
  Path Type:              Setup (Max at Slow Process Corner)
  Requirement:            2.600ns  (CLK100MHZ rise@2.600ns - CLK100MHZ rise@0.000ns)
  Data Path Delay:        16.901ns  (logic 6.368ns (37.678%)  route 10.533ns (62.322%))
  Logic Levels:           29  (CARRY4=11 LUT1=1 LUT3=1 LUT4=1 LUT5=4 LUT6=11)
  Clock Path Skew:        -0.145ns (DCD - SCD + CPR)
    Destination Clock Delay (DCD):    2.704ns = ( 5.304 - 2.600 ) 
    Source Clock Delay      (SCD):    2.965ns
    Clock Pessimism Removal (CPR):    0.116ns
  Clock Uncertainty:      0.035ns  ((TSJ^2 + TIJ^2)^1/2 + DJ) / 2 + PE
    Total System Jitter     (TSJ):    0.071ns
    Total Input Jitter      (TIJ):    0.000ns
    Discrete Jitter          (DJ):    0.000ns
    Phase Error              (PE):    0.000ns

    Location             Delay type                Incr(ns)  Path(ns)    Netlist Resource(s)
  -------------------------------------------------------------------    -------------------
                         (clock CLK100MHZ rise edge)
                                                      0.000     0.000 r  
    E3                                                0.000     0.000 r  CLK100MHZ (IN)
                         net (fo=0)                   0.000     0.000    CLK100MHZ
    E3                   IBUF (Prop_ibuf_I_O)         1.482     1.482 r  CLK100MHZ_IBUF_inst/O
                         net (fo=1, unplaced)         0.803     2.285    CLK100MHZ_IBUF
                         BUFG (Prop_bufg_I_O)         0.096     2.381 r  CLK100MHZ_IBUF_BUFG_inst/O
                         net (fo=3503, unplaced)      0.584     2.965    poly_reg_inst/forward_pass/y_delay/clk
                         FDCE                                         r  poly_reg_inst/forward_pass/y_delay/gen_dly[58].regs_reg[58][8]/C
  -------------------------------------------------------------------    -------------------
                         FDCE (Prop_fdce_C_Q)         0.478     3.443 r  poly_reg_inst/forward_pass/y_delay/gen_dly[58].regs_reg[58][8]/Q
                         net (fo=3, unplaced)         0.824     4.267    poly_reg_inst/forward_pass/error_calc/fma_inst/i_class_inputs/operands_i[1][8]
                         LUT5 (Prop_lut5_I0_O)        0.295     4.562 f  poly_reg_inst/forward_pass/error_calc/fma_inst/i_class_inputs/info_o[1][is_subnormal]_INST_0_i_1/O
                         net (fo=3, unplaced)         0.750     5.312    poly_reg_inst/forward_pass/error_calc/fma_inst/i_class_inputs/info_o[1][is_subnormal]_INST_0_i_1_n_0
                         LUT3 (Prop_lut3_I0_O)        0.124     5.436 r  poly_reg_inst/forward_pass/error_calc/fma_inst/i_class_inputs/info_o[1][is_subnormal]_INST_0/O
                         net (fo=6, unplaced)         0.481     5.917    poly_reg_inst/forward_pass/error_calc/fma_inst/info_q[1][is_subnormal]
                         LUT6 (Prop_lut6_I1_O)        0.124     6.041 r  poly_reg_inst/forward_pass/error_calc/fma_inst/inside_pipeline.i_inside_pipe_i_134/O
                         net (fo=2, unplaced)         0.460     6.501    poly_reg_inst/forward_pass/error_calc/fma_inst/inside_pipeline.i_inside_pipe_i_134_n_0
                         LUT6 (Prop_lut6_I3_O)        0.124     6.625 r  poly_reg_inst/forward_pass/error_calc/fma_inst/inside_pipeline.i_inside_pipe_i_74/O
                         net (fo=2, unplaced)         0.460     7.085    poly_reg_inst/forward_pass/error_calc/fma_inst/inside_pipeline.i_inside_pipe_i_74_n_0
                         LUT6 (Prop_lut6_I0_O)        0.124     7.209 r  poly_reg_inst/forward_pass/error_calc/fma_inst/inside_pipeline.i_inside_pipe_i_72/O
                         net (fo=2, unplaced)         0.460     7.669    poly_reg_inst/forward_pass/error_calc/fma_inst/inside_pipeline.i_inside_pipe_i_72_n_0
                         LUT6 (Prop_lut6_I0_O)        0.124     7.793 r  poly_reg_inst/forward_pass/error_calc/fma_inst/inside_pipeline.i_inside_pipe_i_132/O
                         net (fo=2, unplaced)         0.460     8.253    poly_reg_inst/forward_pass/error_calc/fma_inst/inside_pipeline.i_inside_pipe_i_132_n_0
                         LUT6 (Prop_lut6_I0_O)        0.124     8.377 r  poly_reg_inst/forward_pass/error_calc/fma_inst/inside_pipeline.i_inside_pipe_i_68/O
                         net (fo=3, unplaced)         0.467     8.844    poly_reg_inst/forward_pass/error_calc/fma_inst/inside_pipeline.i_inside_pipe_i_68_n_0
                         LUT6 (Prop_lut6_I0_O)        0.124     8.968 r  poly_reg_inst/forward_pass/error_calc/fma_inst/inside_pipeline.i_inside_pipe_i_4/O
                         net (fo=3, unplaced)         0.467     9.435    poly_reg_inst/forward_pass/error_calc/fma_inst/inside_pipeline.i_inside_pipe_i_4_n_0
                         LUT5 (Prop_lut5_I4_O)        0.124     9.559 r  poly_reg_inst/forward_pass/error_calc/fma_inst/inside_pipeline.i_inside_pipe_i_80/O
                         net (fo=1, unplaced)         0.000     9.559    poly_reg_inst/forward_pass/error_calc/fma_inst/inside_pipeline.i_inside_pipe_i_80_n_0
                         CARRY4 (Prop_carry4_S[1]_O[2])
                                                      0.578    10.137 r  poly_reg_inst/forward_pass/error_calc/fma_inst/inside_pipeline.i_inside_pipe_i_10/O[2]
                         net (fo=11, unplaced)        0.781    10.918    poly_reg_inst/forward_pass/error_calc/fma_inst/exponent_difference[6]
                         LUT6 (Prop_lut6_I0_O)        0.301    11.219 r  poly_reg_inst/forward_pass/error_calc/fma_inst/inside_pipeline.i_inside_pipe_i_97/O
                         net (fo=2, unplaced)         0.743    11.962    poly_reg_inst/forward_pass/error_calc/fma_inst/inside_pipeline.i_inside_pipe_i_97_n_0
                         LUT6 (Prop_lut6_I0_O)        0.124    12.086 r  poly_reg_inst/forward_pass/error_calc/fma_inst/inside_pipeline.i_inside_pipe_i_24/O
                         net (fo=32, unplaced)        0.520    12.606    poly_reg_inst/forward_pass/error_calc/fma_inst/addend_shamt[0]
                         LUT6 (Prop_lut6_I4_O)        0.124    12.730 f  poly_reg_inst/forward_pass/error_calc/fma_inst/inside_pipeline.i_inside_pipe_i_239/O
                         net (fo=2, unplaced)         0.743    13.473    poly_reg_inst/forward_pass/error_calc/fma_inst/inside_pipeline.i_inside_pipe_i_239_n_0
                         LUT5 (Prop_lut5_I0_O)        0.124    13.597 f  poly_reg_inst/forward_pass/error_calc/fma_inst/inside_pipeline.i_inside_pipe_i_236/O
                         net (fo=6, unplaced)         0.481    14.078    poly_reg_inst/forward_pass/error_calc/fma_inst/inside_pipeline.i_inside_pipe_i_236_n_0
                         LUT5 (Prop_lut5_I4_O)        0.124    14.202 f  poly_reg_inst/forward_pass/error_calc/fma_inst/inside_pipeline.i_inside_pipe_i_138/O
                         net (fo=1, unplaced)         0.732    14.934    poly_reg_inst/forward_pass/error_calc/fma_inst/inside_pipeline.i_inside_pipe_i_138_n_0
                         LUT6 (Prop_lut6_I3_O)        0.124    15.058 f  poly_reg_inst/forward_pass/error_calc/fma_inst/inside_pipeline.i_inside_pipe_i_101/O
                         net (fo=2, unplaced)         0.460    15.518    poly_reg_inst/forward_pass/error_calc/fma_inst/inside_pipeline.i_inside_pipe_i_101_n_0
                         LUT6 (Prop_lut6_I4_O)        0.124    15.642 r  poly_reg_inst/forward_pass/error_calc/fma_inst/inside_pipeline.i_inside_pipe_i_123/O
                         net (fo=1, unplaced)         0.333    15.975    poly_reg_inst/forward_pass/error_calc/fma_inst/inject_carry_in
                         CARRY4 (Prop_carry4_DI[0]_CO[3])
                                                      0.550    16.525 r  poly_reg_inst/forward_pass/error_calc/fma_inst/inside_pipeline.i_inside_pipe_i_62/CO[3]
                         net (fo=1, unplaced)         0.000    16.525    poly_reg_inst/forward_pass/error_calc/fma_inst/inside_pipeline.i_inside_pipe_i_62_n_0
                         CARRY4 (Prop_carry4_CI_CO[3])
                                                      0.117    16.642 r  poly_reg_inst/forward_pass/error_calc/fma_inst/inside_pipeline.i_inside_pipe_i_121/CO[3]
                         net (fo=1, unplaced)         0.000    16.642    poly_reg_inst/forward_pass/error_calc/fma_inst/inside_pipeline.i_inside_pipe_i_121_n_0
                         CARRY4 (Prop_carry4_CI_CO[3])
                                                      0.117    16.759 r  poly_reg_inst/forward_pass/error_calc/fma_inst/inside_pipeline.i_inside_pipe_i_119/CO[3]
                         net (fo=1, unplaced)         0.000    16.759    poly_reg_inst/forward_pass/error_calc/fma_inst/inside_pipeline.i_inside_pipe_i_119_n_0
                         CARRY4 (Prop_carry4_CI_CO[3])
                                                      0.117    16.876 r  poly_reg_inst/forward_pass/error_calc/fma_inst/inside_pipeline.i_inside_pipe_i_117/CO[3]
                         net (fo=1, unplaced)         0.000    16.876    poly_reg_inst/forward_pass/error_calc/fma_inst/inside_pipeline.i_inside_pipe_i_117_n_0
                         CARRY4 (Prop_carry4_CI_CO[3])
                                                      0.117    16.993 r  poly_reg_inst/forward_pass/error_calc/fma_inst/inside_pipeline.i_inside_pipe_i_115/CO[3]
                         net (fo=1, unplaced)         0.000    16.993    poly_reg_inst/forward_pass/error_calc/fma_inst/inside_pipeline.i_inside_pipe_i_115_n_0
                         CARRY4 (Prop_carry4_CI_CO[3])
                                                      0.117    17.110 r  poly_reg_inst/forward_pass/error_calc/fma_inst/inside_pipeline.i_inside_pipe_i_113/CO[3]
                         net (fo=1, unplaced)         0.000    17.110    poly_reg_inst/forward_pass/error_calc/fma_inst/inside_pipeline.i_inside_pipe_i_113_n_0
                         CARRY4 (Prop_carry4_CI_CO[3])
                                                      0.117    17.227 r  poly_reg_inst/forward_pass/error_calc/fma_inst/inside_pipeline.i_inside_pipe_i_111/CO[3]
                         net (fo=1, unplaced)         0.000    17.227    poly_reg_inst/forward_pass/error_calc/fma_inst/inside_pipeline.i_inside_pipe_i_111_n_0
                         CARRY4 (Prop_carry4_CI_O[2])
                                                      0.256    17.483 f  poly_reg_inst/forward_pass/error_calc/fma_inst/inside_pipeline.i_inside_pipe_i_109/O[2]
                         net (fo=2, unplaced)         0.463    17.946    poly_reg_inst/forward_pass/error_calc/fma_inst/inside_pipeline.i_inside_pipe_i_109_n_5
                         LUT1 (Prop_lut1_I0_O)        0.301    18.247 r  poly_reg_inst/forward_pass/error_calc/fma_inst/inside_pipeline.i_inside_pipe_i_161/O
                         net (fo=1, unplaced)         0.000    18.247    poly_reg_inst/forward_pass/error_calc/fma_inst/inside_pipeline.i_inside_pipe_i_161_n_0
                         CARRY4 (Prop_carry4_S[1]_CO[3])
                                                      0.533    18.780 r  poly_reg_inst/forward_pass/error_calc/fma_inst/inside_pipeline.i_inside_pipe_i_108/CO[3]
                         net (fo=1, unplaced)         0.000    18.780    poly_reg_inst/forward_pass/error_calc/fma_inst/inside_pipeline.i_inside_pipe_i_108_n_0
                         CARRY4 (Prop_carry4_CI_O[3])
                                                      0.331    19.111 r  poly_reg_inst/forward_pass/error_calc/fma_inst/inside_pipeline.i_inside_pipe_i_106/O[3]
                         net (fo=1, unplaced)         0.448    19.559    poly_reg_inst/forward_pass/error_calc/fma_inst/sum_d0[36]
                         LUT4 (Prop_lut4_I3_O)        0.307    19.866 r  poly_reg_inst/forward_pass/error_calc/fma_inst/inside_pipeline.i_inside_pipe_i_26/O
                         net (fo=1, unplaced)         0.000    19.866    poly_reg_inst/forward_pass/error_calc/fma_inst/inside_pipeline.i_inside_pipe/sum_i[36]
                         FDCE                                         r  poly_reg_inst/forward_pass/error_calc/fma_inst/inside_pipeline.i_inside_pipe/gen_pipeline.pipeline_stages[0].sum_q_reg[0][36]/D
  -------------------------------------------------------------------    -------------------

                         (clock CLK100MHZ rise edge)
                                                      2.600     2.600 r  
    E3                                                0.000     2.600 r  CLK100MHZ (IN)
                         net (fo=0)                   0.000     2.600    CLK100MHZ
    E3                   IBUF (Prop_ibuf_I_O)         1.411     4.011 r  CLK100MHZ_IBUF_inst/O
                         net (fo=1, unplaced)         0.763     4.774    CLK100MHZ_IBUF
                         BUFG (Prop_bufg_I_O)         0.091     4.865 r  CLK100MHZ_IBUF_BUFG_inst/O
                         net (fo=3503, unplaced)      0.439     5.304    poly_reg_inst/forward_pass/error_calc/fma_inst/inside_pipeline.i_inside_pipe/clk_i
                         FDCE                                         r  poly_reg_inst/forward_pass/error_calc/fma_inst/inside_pipeline.i_inside_pipe/gen_pipeline.pipeline_stages[0].sum_q_reg[0][36]/C
                         clock pessimism              0.116     5.420    
                         clock uncertainty           -0.035     5.384    
                         FDCE (Setup_fdce_C_D)        0.044     5.428    poly_reg_inst/forward_pass/error_calc/fma_inst/inside_pipeline.i_inside_pipe/gen_pipeline.pipeline_stages[0].sum_q_reg[0][36]
  -------------------------------------------------------------------
                         required time                          5.428    
                         arrival time                         -19.866    
  -------------------------------------------------------------------
                         slack                                -14.437    





Min Delay Paths
--------------------------------------------------------------------------------------
Slack (MET) :             0.070ns  (arrival time - required time)
  Source:                 poly_reg_inst/forward_pass/addr_delay/gen_dly[64].regs_reg[64][0]_srl32_gen_dly_c_119/CLK
                            (rising edge-triggered cell SRLC32E clocked by CLK100MHZ  {rise@0.000ns fall@1.300ns period=2.600ns})
  Destination:            poly_reg_inst/forward_pass/addr_delay/gen_dly[72].regs_reg[72][0]_srl8_gen_dly_c_127/D
                            (rising edge-triggered cell SRLC32E clocked by CLK100MHZ  {rise@0.000ns fall@1.300ns period=2.600ns})
  Path Group:             CLK100MHZ
  Path Type:              Hold (Min at Fast Process Corner)
  Requirement:            0.000ns  (CLK100MHZ rise@0.000ns - CLK100MHZ rise@0.000ns)
  Data Path Delay:        0.332ns  (logic 0.332ns (100.000%)  route 0.000ns (0.000%))
  Logic Levels:           0  
  Clock Path Skew:        0.145ns (DCD - SCD - CPR)
    Destination Clock Delay (DCD):    1.082ns
    Source Clock Delay      (SCD):    0.728ns
    Clock Pessimism Removal (CPR):    0.209ns

    Location             Delay type                Incr(ns)  Path(ns)    Netlist Resource(s)
  -------------------------------------------------------------------    -------------------
                         (clock CLK100MHZ rise edge)
                                                      0.000     0.000 r  
    E3                                                0.000     0.000 r  CLK100MHZ (IN)
                         net (fo=0)                   0.000     0.000    CLK100MHZ
    E3                   IBUF (Prop_ibuf_I_O)         0.250     0.250 r  CLK100MHZ_IBUF_inst/O
                         net (fo=1, unplaced)         0.338     0.588    CLK100MHZ_IBUF
                         BUFG (Prop_bufg_I_O)         0.026     0.614 r  CLK100MHZ_IBUF_BUFG_inst/O
                         net (fo=3503, unplaced)      0.114     0.728    poly_reg_inst/forward_pass/addr_delay/clk
                         SRLC32E                                      r  poly_reg_inst/forward_pass/addr_delay/gen_dly[64].regs_reg[64][0]_srl32_gen_dly_c_119/CLK
  -------------------------------------------------------------------    -------------------
                         SRLC32E (Prop_srlc32e_CLK_Q31)
                                                      0.332     1.060 r  poly_reg_inst/forward_pass/addr_delay/gen_dly[64].regs_reg[64][0]_srl32_gen_dly_c_119/Q31
                         net (fo=1, unplaced)         0.000     1.060    poly_reg_inst/forward_pass/addr_delay/gen_dly[64].regs_reg[64][0]_srl32_gen_dly_c_119_n_1
                         SRLC32E                                      r  poly_reg_inst/forward_pass/addr_delay/gen_dly[72].regs_reg[72][0]_srl8_gen_dly_c_127/D
  -------------------------------------------------------------------    -------------------

                         (clock CLK100MHZ rise edge)
                                                      0.000     0.000 r  
    E3                                                0.000     0.000 r  CLK100MHZ (IN)
                         net (fo=0)                   0.000     0.000    CLK100MHZ
    E3                   IBUF (Prop_ibuf_I_O)         0.438     0.438 r  CLK100MHZ_IBUF_inst/O
                         net (fo=1, unplaced)         0.356     0.794    CLK100MHZ_IBUF
                         BUFG (Prop_bufg_I_O)         0.029     0.823 r  CLK100MHZ_IBUF_BUFG_inst/O
                         net (fo=3503, unplaced)      0.259     1.082    poly_reg_inst/forward_pass/addr_delay/clk
                         SRLC32E                                      r  poly_reg_inst/forward_pass/addr_delay/gen_dly[72].regs_reg[72][0]_srl8_gen_dly_c_127/CLK
                         clock pessimism             -0.209     0.873    
                         SRLC32E (Hold_srlc32e_CLK_D)
                                                      0.117     0.990    poly_reg_inst/forward_pass/addr_delay/gen_dly[72].regs_reg[72][0]_srl8_gen_dly_c_127
  -------------------------------------------------------------------
                         required time                         -0.990    
                         arrival time                           1.060    
  -------------------------------------------------------------------
                         slack                                  0.070    





Pulse Width Checks
--------------------------------------------------------------------------------------
Clock Name:         CLK100MHZ
Waveform(ns):       { 0.000 1.300 }
Period(ns):         2.600
Sources:            { CLK100MHZ }

Check Type        Corner  Lib Pin             Reference Pin  Required(ns)  Actual(ns)  Slack(ns)  Location  Pin
Min Period        n/a     RAMB18E1/CLKARDCLK  n/a            2.944         2.600       -0.344               poly_reg_inst/coef_mem/gen_l_ram.ram_reg/CLKARDCLK
Low Pulse Width   Slow    SRLC32E/CLK         n/a            0.980         1.300       0.320                poly_reg_inst/forward_pass/addr_delay/gen_dly[32].regs_reg[32][0]_srl32_gen_dly_c_87/CLK
High Pulse Width  Slow    SRLC32E/CLK         n/a            0.980         1.300       0.320                poly_reg_inst/forward_pass/addr_delay/gen_dly[32].regs_reg[32][0]_srl32_gen_dly_c_87/CLK



